2015-08-05 17:13:22,751 INFO [application.Master] - Launch
2015-08-05 17:13:23,496 INFO [model.AppConfig] - App Config Instantiated
2015-08-05 17:13:26,038 INFO [views.Console] - Enter Operator ID : 
2015-08-05 17:13:26,039 INFO [model.MatrixRef] - Matrix Ref Instantiated
2015-08-05 17:13:26,083 INFO [application.FXMLController] - Top Chart initialization
2015-08-05 17:13:26,208 INFO [application.FXMLController] - Bottom Chart initialization
2015-08-05 17:13:26,841 INFO [application.FXMLController] - Top Chart Invalidated!
2015-08-05 17:13:26,854 INFO [application.FXMLController] - Bottom Chart Invalidated!
2015-08-05 17:13:27,704 INFO [network.TaskObserver] - MC-UDP (mMCSocketAzPlot)socket created at IP:/10.91.161.0 PORT: 7700
2015-08-05 17:13:27,704 INFO [network.TaskObserver] - MC-UDP (mMCSocketElPlot)socket created at IP:/10.91.161.0 PORT: 5500
2015-08-05 17:13:27,704 INFO [network.TaskObserver] - MC-UDP (mMCSocketAzTrack)socket created at IP:/10.91.161.0 PORT: 8800
2015-08-05 17:13:27,704 INFO [network.TaskObserver] - MC-UDP (mMCSocketElTrack)socket created at IP:/10.91.161.0 PORT: 6600
2015-08-05 17:13:27,704 INFO [network.TaskObserver] - MC-UDP (mMCSocketVideo)socket created at IP:/10.91.161.0 PORT: 12001
2015-08-05 17:13:27,704 INFO [network.TaskObserver] - MC-UDP (mMCSocketWrite)socket created at IP:/0.0.0.0 PORT: 13001
2015-08-05 17:13:27,707 INFO [network.TaskObserver] - Starting All Threads
2015-08-05 17:13:27,707 INFO [network.TaskObserver] - Waiting to Read Thread Az Plots Looper
2015-08-05 17:13:27,708 INFO [network.TaskObserver] - Waiting to Read Thread El Plots Looper
2015-08-05 17:13:27,708 INFO [network.TaskObserver] - Network Task Launched
2015-08-05 17:13:27,708 INFO [network.TaskObserver] - Waiting to Read Thread Video Looper
2015-08-05 17:13:27,708 INFO [network.TaskObserver] - Waiting to Read Thread Az Tracks Looper
2015-08-05 17:13:27,708 INFO [network.TaskObserver] - Waiting to Read Thread El Tracks Looper
2015-08-05 17:13:35,266 INFO [network.TaskObserver] - MC-UDP Server Data received
2015-08-05 17:13:35,278 INFO [network.TaskObserver] - MC-UDP Server Data received
2015-08-05 17:13:35,285 INFO [network.TaskObserver] - MC-UDP Server Data received
2015-08-05 17:13:35,290 INFO [network.TaskObserver] - MC-UDP Server Data received
2015-08-05 17:13:35,297 INFO [network.TaskObserver] - MC-UDP Server Data received
2015-08-05 17:13:35,303 INFO [network.TaskObserver] - MC-UDP Server Data received
2015-08-05 17:13:35,309 INFO [network.TaskObserver] - MC-UDP Server Data received
2015-08-05 17:13:35,315 INFO [network.TaskObserver] - MC-UDP Server Data received
2015-08-05 17:13:35,320 INFO [network.TaskObserver] - MC-UDP Server Data received
2015-08-05 17:13:35,325 INFO [network.TaskObserver] - MC-UDP Server Data received
2015-08-05 17:13:35,331 INFO [network.TaskObserver] - MC-UDP Server Data received
2015-08-05 17:13:35,336 INFO [network.TaskObserver] - MC-UDP Server Data received
2015-08-05 17:13:35,341 INFO [network.TaskObserver] - MC-UDP Server Data received
2015-08-05 17:13:35,348 INFO [network.TaskObserver] - MC-UDP Server Data received
2015-08-05 17:13:35,351 INFO [network.TaskObserver] - MC-UDP Server Data received
2015-08-05 17:13:35,356 INFO [network.TaskObserver] - MC-UDP Server Data received
2015-08-05 17:13:35,363 INFO [network.TaskObserver] - MC-UDP Server Data received
2015-08-05 17:13:35,368 INFO [network.TaskObserver] - MC-UDP Server Data received
2015-08-05 17:13:35,373 INFO [network.TaskObserver] - MC-UDP Server Data received
2015-08-05 17:13:35,378 INFO [network.TaskObserver] - MC-UDP Server Data received
2015-08-05 17:13:35,383 INFO [network.TaskObserver] - MC-UDP Server Data received
2015-08-05 17:13:35,389 INFO [network.TaskObserver] - MC-UDP Server Data received
2015-08-05 17:13:35,394 INFO [network.TaskObserver] - MC-UDP Server Data received
2015-08-05 17:13:35,401 INFO [network.TaskObserver] - MC-UDP Server Data received
2015-08-05 17:13:35,406 INFO [network.TaskObserver] - MC-UDP Server Data received
2015-08-05 17:13:35,411 INFO [network.TaskObserver] - MC-UDP Server Data received
2015-08-05 17:13:35,416 INFO [network.TaskObserver] - MC-UDP Server Data received
2015-08-05 17:13:35,422 INFO [network.TaskObserver] - MC-UDP Server Data received
2015-08-05 17:13:35,427 INFO [network.TaskObserver] - MC-UDP Server Data received
2015-08-05 17:13:35,433 INFO [network.TaskObserver] - MC-UDP Server Data received
2015-08-05 17:13:35,438 INFO [network.TaskObserver] - MC-UDP Server Data received
2015-08-05 17:13:35,443 INFO [network.TaskObserver] - MC-UDP Server Data received
2015-08-05 17:13:35,448 INFO [network.TaskObserver] - MC-UDP Server Data received
2015-08-05 17:13:35,453 INFO [network.TaskObserver] - MC-UDP Server Data received
2015-08-05 17:13:35,458 INFO [network.TaskObserver] - MC-UDP Server Data received
2015-08-05 17:13:35,463 INFO [network.TaskObserver] - MC-UDP Server Data received
2015-08-05 17:13:35,468 INFO [network.TaskObserver] - MC-UDP Server Data received
2015-08-05 17:13:35,473 INFO [network.TaskObserver] - MC-UDP Server Data received
2015-08-05 17:13:35,478 INFO [network.TaskObserver] - MC-UDP Server Data received
2015-08-05 17:13:35,483 INFO [network.TaskObserver] - MC-UDP Server Data received
2015-08-05 17:13:35,491 INFO [network.TaskObserver] - MC-UDP Server Data received
2015-08-05 17:13:35,499 INFO [network.TaskObserver] - MC-UDP Server Data received
2015-08-05 17:13:35,509 INFO [network.TaskObserver] - MC-UDP Server Data received
2015-08-05 17:13:35,514 INFO [network.TaskObserver] - MC-UDP Server Data received
2015-08-05 17:13:35,520 INFO [network.TaskObserver] - MC-UDP Server Data received
2015-08-05 17:13:35,524 INFO [network.TaskObserver] - MC-UDP Server Data received
2015-08-05 17:13:35,529 INFO [network.TaskObserver] - MC-UDP Server Data received
2015-08-05 17:13:35,534 INFO [network.TaskObserver] - MC-UDP Server Data received
2015-08-05 17:13:35,539 INFO [network.TaskObserver] - MC-UDP Server Data received
2015-08-05 17:13:35,544 INFO [network.TaskObserver] - MC-UDP Server Data received
2015-08-05 17:13:35,549 INFO [network.TaskObserver] - MC-UDP Server Data received
2015-08-05 17:13:35,554 INFO [network.TaskObserver] - MC-UDP Server Data received
2015-08-05 17:13:35,559 INFO [network.TaskObserver] - MC-UDP Server Data received
2015-08-05 17:13:35,564 INFO [network.TaskObserver] - MC-UDP Server Data received
2015-08-05 17:13:35,572 INFO [network.TaskObserver] - MC-UDP Server Data received
2015-08-05 17:13:35,577 INFO [network.TaskObserver] - MC-UDP Server Data received
2015-08-05 17:13:35,582 INFO [network.TaskObserver] - MC-UDP Server Data received
2015-08-05 17:13:35,587 INFO [network.TaskObserver] - MC-UDP Server Data received
2015-08-05 17:13:35,596 INFO [network.TaskObserver] - MC-UDP Server Data received
2015-08-05 17:13:35,597 INFO [network.TaskObserver] - MC-UDP Server Data received
2015-08-05 17:13:35,603 INFO [network.TaskObserver] - MC-UDP Server Data received
2015-08-05 17:13:35,608 INFO [network.TaskObserver] - MC-UDP Server Data received
2015-08-05 17:13:35,613 INFO [network.TaskObserver] - MC-UDP Server Data received
2015-08-05 17:13:35,618 INFO [network.TaskObserver] - MC-UDP Server Data received
2015-08-05 17:13:35,623 INFO [network.TaskObserver] - MC-UDP Server Data received
2015-08-05 17:13:35,632 INFO [network.TaskObserver] - MC-UDP Server Data received
2015-08-05 17:13:35,633 INFO [network.TaskObserver] - MC-UDP Server Data received
2015-08-05 17:13:35,638 INFO [network.TaskObserver] - MC-UDP Server Data received
2015-08-05 17:13:35,643 INFO [network.TaskObserver] - MC-UDP Server Data received
2015-08-05 17:13:35,648 INFO [network.TaskObserver] - MC-UDP Server Data received
2015-08-05 17:13:35,653 INFO [network.TaskObserver] - MC-UDP Server Data received
2015-08-05 17:13:35,658 INFO [network.TaskObserver] - MC-UDP Server Data received
2015-08-05 17:13:35,664 INFO [network.TaskObserver] - MC-UDP Server Data received
2015-08-05 17:13:35,668 INFO [network.TaskObserver] - MC-UDP Server Data received
2015-08-05 17:13:35,673 INFO [network.TaskObserver] - MC-UDP Server Data received
2015-08-05 17:13:35,686 INFO [network.TaskObserver] - MC-UDP Server Data received
2015-08-05 17:13:35,686 INFO [network.TaskObserver] - MC-UDP Server Data received
2015-08-05 17:13:35,692 INFO [network.TaskObserver] - MC-UDP Server Data received
2015-08-05 17:13:35,700 INFO [network.TaskObserver] - MC-UDP Server Data received
2015-08-05 17:13:35,702 INFO [network.TaskObserver] - MC-UDP Server Data received
2015-08-05 17:13:35,707 INFO [network.TaskObserver] - MC-UDP Server Data received
2015-08-05 17:13:35,718 INFO [network.TaskObserver] - MC-UDP Server Data received
2015-08-05 17:13:35,719 INFO [network.TaskObserver] - MC-UDP Server Data received
2015-08-05 17:13:35,724 INFO [network.TaskObserver] - MC-UDP Server Data received
2015-08-05 17:13:35,730 INFO [network.TaskObserver] - MC-UDP Server Data received
2015-08-05 17:13:35,735 INFO [network.TaskObserver] - MC-UDP Server Data received
2015-08-05 17:13:35,740 INFO [network.TaskObserver] - MC-UDP Server Data received
2015-08-05 17:13:35,747 INFO [network.TaskObserver] - MC-UDP Server Data received
2015-08-05 17:13:35,752 INFO [network.TaskObserver] - MC-UDP Server Data received
2015-08-05 17:13:35,757 INFO [network.TaskObserver] - MC-UDP Server Data received
2015-08-05 17:13:35,762 INFO [network.TaskObserver] - MC-UDP Server Data received
2015-08-05 17:13:35,767 INFO [network.TaskObserver] - MC-UDP Server Data received
2015-08-05 17:13:35,772 INFO [network.TaskObserver] - MC-UDP Server Data received
2015-08-05 17:13:35,777 INFO [network.TaskObserver] - MC-UDP Server Data received
2015-08-05 17:13:35,784 INFO [network.TaskObserver] - MC-UDP Server Data received
2015-08-05 17:13:35,787 INFO [network.TaskObserver] - MC-UDP Server Data received
2015-08-05 17:13:35,793 INFO [network.TaskObserver] - MC-UDP Server Data received
2015-08-05 17:13:35,800 INFO [network.TaskObserver] - MC-UDP Server Data received
2015-08-05 17:13:35,805 INFO [network.TaskObserver] - MC-UDP Server Data received
2015-08-05 17:13:35,810 INFO [network.TaskObserver] - MC-UDP Server Data received
2015-08-05 17:13:35,815 INFO [network.TaskObserver] - MC-UDP Server Data received
2015-08-05 17:13:35,820 INFO [network.TaskObserver] - MC-UDP Server Data received
2015-08-05 17:13:35,825 INFO [network.TaskObserver] - MC-UDP Server Data received
2015-08-05 17:13:35,830 INFO [network.TaskObserver] - MC-UDP Server Data received
2015-08-05 17:13:35,835 INFO [network.TaskObserver] - MC-UDP Server Data received
2015-08-05 17:13:35,840 INFO [network.TaskObserver] - MC-UDP Server Data received
2015-08-05 17:13:35,845 INFO [network.TaskObserver] - MC-UDP Server Data received
2015-08-05 17:13:35,850 INFO [network.TaskObserver] - MC-UDP Server Data received
2015-08-05 17:13:35,855 INFO [network.TaskObserver] - MC-UDP Server Data received
2015-08-05 17:13:35,860 INFO [network.TaskObserver] - MC-UDP Server Data received
2015-08-05 17:13:35,865 INFO [network.TaskObserver] - MC-UDP Server Data received
2015-08-05 17:13:35,870 INFO [network.TaskObserver] - MC-UDP Server Data received
2015-08-05 17:13:35,875 INFO [network.TaskObserver] - MC-UDP Server Data received
2015-08-05 17:13:35,880 INFO [network.TaskObserver] - MC-UDP Server Data received
2015-08-05 17:13:35,885 INFO [network.TaskObserver] - MC-UDP Server Data received
2015-08-05 17:13:35,890 INFO [network.TaskObserver] - MC-UDP Server Data received
2015-08-05 17:13:35,895 INFO [network.TaskObserver] - MC-UDP Server Data received
2015-08-05 17:13:35,900 INFO [network.TaskObserver] - MC-UDP Server Data received
2015-08-05 17:13:35,905 INFO [network.TaskObserver] - MC-UDP Server Data received
2015-08-05 17:13:35,910 INFO [network.TaskObserver] - MC-UDP Server Data received
2015-08-05 17:13:35,915 INFO [network.TaskObserver] - MC-UDP Server Data received
2015-08-05 17:13:35,920 INFO [network.TaskObserver] - MC-UDP Server Data received
2015-08-05 17:13:35,925 INFO [network.TaskObserver] - MC-UDP Server Data received
2015-08-05 17:13:35,932 INFO [network.TaskObserver] - MC-UDP Server Data received
2015-08-05 17:13:35,939 INFO [network.TaskObserver] - MC-UDP Server Data received
2015-08-05 17:13:35,944 INFO [network.TaskObserver] - MC-UDP Server Data received
2015-08-05 17:13:35,949 INFO [network.TaskObserver] - MC-UDP Server Data received
2015-08-05 17:13:35,954 INFO [network.TaskObserver] - MC-UDP Server Data received
2015-08-05 17:13:35,959 INFO [network.TaskObserver] - MC-UDP Server Data received
2015-08-05 17:13:35,965 INFO [network.TaskObserver] - MC-UDP Server Data received
2015-08-05 17:13:35,969 INFO [network.TaskObserver] - MC-UDP Server Data received
2015-08-05 17:13:35,974 INFO [network.TaskObserver] - MC-UDP Server Data received
2015-08-05 17:13:35,979 INFO [network.TaskObserver] - MC-UDP Server Data received
2015-08-05 17:13:35,984 INFO [network.TaskObserver] - MC-UDP Server Data received
2015-08-05 17:13:35,989 INFO [network.TaskObserver] - MC-UDP Server Data received
2015-08-05 17:13:35,994 INFO [network.TaskObserver] - MC-UDP Server Data received
2015-08-05 17:13:35,999 INFO [network.TaskObserver] - MC-UDP Server Data received
2015-08-05 17:13:36,004 INFO [network.TaskObserver] - MC-UDP Server Data received
2015-08-05 17:13:36,009 INFO [network.TaskObserver] - MC-UDP Server Data received
2015-08-05 17:13:36,014 INFO [network.TaskObserver] - MC-UDP Server Data received
2015-08-05 17:13:36,019 INFO [network.TaskObserver] - MC-UDP Server Data received
2015-08-05 17:13:36,024 INFO [network.TaskObserver] - MC-UDP Server Data received
2015-08-05 17:13:36,029 INFO [network.TaskObserver] - MC-UDP Server Data received
2015-08-05 17:13:36,034 INFO [network.TaskObserver] - MC-UDP Server Data received
2015-08-05 17:13:36,039 INFO [network.TaskObserver] - MC-UDP Server Data received
2015-08-05 17:13:36,044 INFO [network.TaskObserver] - MC-UDP Server Data received
2015-08-05 17:13:36,055 INFO [network.TaskObserver] - MC-UDP Server Data received
2015-08-05 17:13:36,059 INFO [network.TaskObserver] - MC-UDP Server Data received
2015-08-05 17:13:36,065 INFO [network.TaskObserver] - MC-UDP Server Data received
2015-08-05 17:13:36,070 INFO [network.TaskObserver] - MC-UDP Server Data received
2015-08-05 17:13:36,075 INFO [network.TaskObserver] - MC-UDP Server Data received
2015-08-05 17:13:36,082 INFO [network.TaskObserver] - MC-UDP Server Data received
2015-08-05 17:13:36,085 INFO [network.TaskObserver] - MC-UDP Server Data received
2015-08-05 17:13:36,090 INFO [network.TaskObserver] - MC-UDP Server Data received
2015-08-05 17:13:36,095 INFO [network.TaskObserver] - MC-UDP Server Data received
2015-08-05 17:13:36,102 INFO [network.TaskObserver] - MC-UDP Server Data received
2015-08-05 17:13:36,107 INFO [network.TaskObserver] - MC-UDP Server Data received
2015-08-05 17:13:36,114 INFO [network.TaskObserver] - MC-UDP Server Data received
2015-08-05 17:13:36,119 INFO [network.TaskObserver] - MC-UDP Server Data received
2015-08-05 17:13:36,124 INFO [network.TaskObserver] - MC-UDP Server Data received
2015-08-05 17:13:36,131 INFO [network.TaskObserver] - MC-UDP Server Data received
2015-08-05 17:13:36,136 INFO [network.TaskObserver] - MC-UDP Server Data received
2015-08-05 17:13:36,143 INFO [network.TaskObserver] - MC-UDP Server Data received
2015-08-05 17:13:36,148 INFO [network.TaskObserver] - MC-UDP Server Data received
2015-08-05 17:13:36,154 INFO [network.TaskObserver] - MC-UDP Server Data received
2015-08-05 17:13:36,158 INFO [network.TaskObserver] - MC-UDP Server Data received
2015-08-05 17:13:36,163 INFO [network.TaskObserver] - MC-UDP Server Data received
2015-08-05 17:13:36,168 INFO [network.TaskObserver] - MC-UDP Server Data received
2015-08-05 17:13:36,173 INFO [network.TaskObserver] - MC-UDP Server Data received
2015-08-05 17:13:36,178 INFO [network.TaskObserver] - MC-UDP Server Data received
2015-08-05 17:13:36,183 INFO [network.TaskObserver] - MC-UDP Server Data received
2015-08-05 17:13:36,188 INFO [network.TaskObserver] - MC-UDP Server Data received
2015-08-05 17:13:36,199 INFO [network.TaskObserver] - MC-UDP Server Data received
2015-08-05 17:13:36,204 INFO [network.TaskObserver] - MC-UDP Server Data received
2015-08-05 17:13:36,209 INFO [network.TaskObserver] - MC-UDP Server Data received
2015-08-05 17:13:36,215 INFO [network.TaskObserver] - MC-UDP Server Data received
2015-08-05 17:13:36,220 INFO [network.TaskObserver] - MC-UDP Server Data received
2015-08-05 17:13:36,225 INFO [network.TaskObserver] - MC-UDP Server Data received
2015-08-05 17:13:36,230 INFO [network.TaskObserver] - MC-UDP Server Data received
2015-08-05 17:13:36,236 INFO [network.TaskObserver] - MC-UDP Server Data received
2015-08-05 17:13:36,242 INFO [network.TaskObserver] - MC-UDP Server Data received
2015-08-05 17:13:36,251 INFO [network.TaskObserver] - MC-UDP Server Data received
2015-08-05 17:13:36,257 INFO [network.TaskObserver] - MC-UDP Server Data received
2015-08-05 17:13:36,266 INFO [network.TaskObserver] - MC-UDP Server Data received
2015-08-05 17:13:36,270 INFO [network.TaskObserver] - MC-UDP Server Data received
2015-08-05 17:13:36,279 INFO [network.TaskObserver] - MC-UDP Server Data received
2015-08-05 17:13:36,288 INFO [network.TaskObserver] - MC-UDP Server Data received
2015-08-05 17:13:36,295 INFO [network.TaskObserver] - MC-UDP Server Data received
2015-08-05 17:13:36,298 INFO [network.TaskObserver] - MC-UDP Server Data received
2015-08-05 17:13:36,305 INFO [network.TaskObserver] - MC-UDP Server Data received
2015-08-05 17:13:36,308 INFO [network.TaskObserver] - MC-UDP Server Data received
2015-08-05 17:13:36,316 INFO [network.TaskObserver] - MC-UDP Server Data received
2015-08-05 17:13:36,320 INFO [network.TaskObserver] - MC-UDP Server Data received
2015-08-05 17:13:36,325 INFO [network.TaskObserver] - MC-UDP Server Data received
2015-08-05 17:13:36,330 INFO [network.TaskObserver] - MC-UDP Server Data received
2015-08-05 17:13:36,335 INFO [network.TaskObserver] - MC-UDP Server Data received
2015-08-05 17:13:36,340 INFO [network.TaskObserver] - MC-UDP Server Data received
2015-08-05 17:13:36,358 INFO [network.TaskObserver] - MC-UDP Server Data received
2015-08-05 17:13:36,358 INFO [network.TaskObserver] - MC-UDP Server Data received
2015-08-05 17:13:36,359 INFO [network.TaskObserver] - MC-UDP Server Data received
2015-08-05 17:13:36,366 INFO [network.TaskObserver] - MC-UDP Server Data received
2015-08-05 17:13:36,369 INFO [network.TaskObserver] - MC-UDP Server Data received
2015-08-05 17:13:36,374 INFO [network.TaskObserver] - MC-UDP Server Data received
2015-08-05 17:13:36,379 INFO [network.TaskObserver] - MC-UDP Server Data received
2015-08-05 17:13:36,384 INFO [network.TaskObserver] - MC-UDP Server Data received
2015-08-05 17:13:36,389 INFO [network.TaskObserver] - MC-UDP Server Data received
2015-08-05 17:13:36,394 INFO [network.TaskObserver] - MC-UDP Server Data received
2015-08-05 17:13:36,401 INFO [network.TaskObserver] - MC-UDP Server Data received
2015-08-05 17:13:36,404 INFO [network.TaskObserver] - MC-UDP Server Data received
2015-08-05 17:13:36,409 INFO [network.TaskObserver] - MC-UDP Server Data received
2015-08-05 17:13:36,414 INFO [network.TaskObserver] - MC-UDP Server Data received
2015-08-05 17:13:36,419 INFO [network.TaskObserver] - MC-UDP Server Data received
2015-08-05 17:13:36,424 INFO [network.TaskObserver] - MC-UDP Server Data received
2015-08-05 17:13:36,429 INFO [network.TaskObserver] - MC-UDP Server Data received
2015-08-05 17:13:36,434 INFO [network.TaskObserver] - MC-UDP Server Data received
2015-08-05 17:13:36,439 INFO [network.TaskObserver] - MC-UDP Server Data received
2015-08-05 17:13:36,445 INFO [network.TaskObserver] - MC-UDP Server Data received
2015-08-05 17:13:36,451 INFO [network.TaskObserver] - MC-UDP Server Data received
2015-08-05 17:13:36,456 INFO [network.TaskObserver] - MC-UDP Server Data received
2015-08-05 17:13:36,461 INFO [network.TaskObserver] - MC-UDP Server Data received
2015-08-05 17:13:36,466 INFO [network.TaskObserver] - MC-UDP Server Data received
2015-08-05 17:13:36,471 INFO [network.TaskObserver] - MC-UDP Server Data received
2015-08-05 17:13:36,476 INFO [network.TaskObserver] - MC-UDP Server Data received
2015-08-05 17:13:36,481 INFO [network.TaskObserver] - MC-UDP Server Data received
2015-08-05 17:13:36,486 INFO [network.TaskObserver] - MC-UDP Server Data received
2015-08-05 17:13:36,491 INFO [network.TaskObserver] - MC-UDP Server Data received
2015-08-05 17:13:36,497 INFO [network.TaskObserver] - MC-UDP Server Data received
2015-08-05 17:13:36,503 INFO [network.TaskObserver] - MC-UDP Server Data received
2015-08-05 17:13:36,508 INFO [network.TaskObserver] - MC-UDP Server Data received
2015-08-05 17:13:36,514 INFO [network.TaskObserver] - MC-UDP Server Data received
2015-08-05 17:13:36,519 INFO [network.TaskObserver] - MC-UDP Server Data received
2015-08-05 17:13:36,524 INFO [network.TaskObserver] - MC-UDP Server Data received
2015-08-05 17:13:36,529 INFO [network.TaskObserver] - MC-UDP Server Data received
2015-08-05 17:13:36,534 INFO [network.TaskObserver] - MC-UDP Server Data received
2015-08-05 17:13:36,539 INFO [network.TaskObserver] - MC-UDP Server Data received
2015-08-05 17:13:36,551 INFO [network.TaskObserver] - MC-UDP Server Data received
2015-08-05 17:13:36,551 INFO [network.TaskObserver] - MC-UDP Server Data received
2015-08-05 17:13:36,556 INFO [network.TaskObserver] - MC-UDP Server Data received
2015-08-05 17:13:36,567 INFO [network.TaskObserver] - MC-UDP Server Data received
2015-08-05 17:13:36,572 INFO [network.TaskObserver] - MC-UDP Server Data received
2015-08-05 17:13:36,577 INFO [network.TaskObserver] - MC-UDP Server Data received
2015-08-05 17:13:36,582 INFO [network.TaskObserver] - MC-UDP Server Data received
2015-08-05 17:13:36,587 INFO [network.TaskObserver] - MC-UDP Server Data received
2015-08-05 17:13:36,592 INFO [network.TaskObserver] - MC-UDP Server Data received
2015-08-05 17:13:36,597 INFO [network.TaskObserver] - MC-UDP Server Data received
2015-08-05 17:13:36,602 INFO [network.TaskObserver] - MC-UDP Server Data received
2015-08-05 17:13:36,607 INFO [network.TaskObserver] - MC-UDP Server Data received
2015-08-05 17:13:36,612 INFO [network.TaskObserver] - MC-UDP Server Data received
2015-08-05 17:13:36,617 INFO [network.TaskObserver] - MC-UDP Server Data received
2015-08-05 17:13:36,622 INFO [network.TaskObserver] - MC-UDP Server Data received
2015-08-05 17:13:36,627 INFO [network.TaskObserver] - MC-UDP Server Data received
2015-08-05 17:13:36,632 INFO [network.TaskObserver] - MC-UDP Server Data received
2015-08-05 17:13:36,637 INFO [network.TaskObserver] - MC-UDP Server Data received
2015-08-05 17:13:36,643 INFO [network.TaskObserver] - MC-UDP Server Data received
2015-08-05 17:13:36,648 INFO [network.TaskObserver] - MC-UDP Server Data received
2015-08-05 17:13:36,653 INFO [network.TaskObserver] - MC-UDP Server Data received
2015-08-05 17:13:36,658 INFO [network.TaskObserver] - MC-UDP Server Data received
2015-08-05 17:13:36,663 INFO [network.TaskObserver] - MC-UDP Server Data received
2015-08-05 17:13:36,668 INFO [network.TaskObserver] - MC-UDP Server Data received
2015-08-05 17:13:36,673 INFO [network.TaskObserver] - MC-UDP Server Data received
2015-08-05 17:13:36,678 INFO [network.TaskObserver] - MC-UDP Server Data received
2015-08-05 17:13:36,684 INFO [network.TaskObserver] - MC-UDP Server Data received
2015-08-05 17:13:36,689 INFO [network.TaskObserver] - MC-UDP Server Data received
2015-08-05 17:13:36,694 INFO [network.TaskObserver] - MC-UDP Server Data received
2015-08-05 17:13:36,699 INFO [network.TaskObserver] - MC-UDP Server Data received
2015-08-05 17:13:36,705 INFO [network.TaskObserver] - MC-UDP Server Data received
2015-08-05 17:13:36,709 INFO [network.TaskObserver] - MC-UDP Server Data received
2015-08-05 17:13:36,714 INFO [network.TaskObserver] - MC-UDP Server Data received
2015-08-05 17:13:36,720 INFO [network.TaskObserver] - MC-UDP Server Data received
2015-08-05 17:13:36,725 INFO [network.TaskObserver] - MC-UDP Server Data received
2015-08-05 17:13:36,732 INFO [network.TaskObserver] - MC-UDP Server Data received
2015-08-05 17:13:36,738 INFO [network.TaskObserver] - MC-UDP Server Data received
2015-08-05 17:13:36,743 INFO [network.TaskObserver] - MC-UDP Server Data received
2015-08-05 17:13:36,748 INFO [network.TaskObserver] - MC-UDP Server Data received
2015-08-05 17:13:36,753 INFO [network.TaskObserver] - MC-UDP Server Data received
2015-08-05 17:13:36,758 INFO [network.TaskObserver] - MC-UDP Server Data received
2015-08-05 17:13:36,763 INFO [network.TaskObserver] - MC-UDP Server Data received
2015-08-05 17:13:36,771 INFO [network.TaskObserver] - MC-UDP Server Data received
2015-08-05 17:13:36,775 INFO [network.TaskObserver] - MC-UDP Server Data received
2015-08-05 17:13:36,780 INFO [network.TaskObserver] - MC-UDP Server Data received
2015-08-05 17:13:36,785 INFO [network.TaskObserver] - MC-UDP Server Data received
2015-08-05 17:13:36,790 INFO [network.TaskObserver] - MC-UDP Server Data received
2015-08-05 17:13:36,795 INFO [network.TaskObserver] - MC-UDP Server Data received
2015-08-05 17:13:36,801 INFO [network.TaskObserver] - MC-UDP Server Data received
2015-08-05 17:13:36,805 INFO [network.TaskObserver] - MC-UDP Server Data received
2015-08-05 17:13:36,810 INFO [network.TaskObserver] - MC-UDP Server Data received
2015-08-05 17:13:36,815 INFO [network.TaskObserver] - MC-UDP Server Data received
2015-08-05 17:13:36,824 INFO [network.TaskObserver] - MC-UDP Server Data received
2015-08-05 17:13:36,829 INFO [network.TaskObserver] - MC-UDP Server Data received
2015-08-05 17:13:36,840 INFO [network.TaskObserver] - MC-UDP Server Data received
2015-08-05 17:13:36,846 INFO [network.TaskObserver] - MC-UDP Server Data received
2015-08-05 17:13:36,851 INFO [network.TaskObserver] - MC-UDP Server Data received
2015-08-05 17:13:36,856 INFO [network.TaskObserver] - MC-UDP Server Data received
2015-08-05 17:13:36,861 INFO [network.TaskObserver] - MC-UDP Server Data received
2015-08-05 17:13:36,866 INFO [network.TaskObserver] - MC-UDP Server Data received
2015-08-05 17:13:36,871 INFO [network.TaskObserver] - MC-UDP Server Data received
2015-08-05 17:13:36,876 INFO [network.TaskObserver] - MC-UDP Server Data received
2015-08-05 17:13:36,881 INFO [network.TaskObserver] - MC-UDP Server Data received
2015-08-05 17:13:36,886 INFO [network.TaskObserver] - MC-UDP Server Data received
2015-08-05 17:13:36,891 INFO [network.TaskObserver] - MC-UDP Server Data received
2015-08-05 17:13:36,900 INFO [network.TaskObserver] - MC-UDP Server Data received
2015-08-05 17:13:36,903 INFO [network.TaskObserver] - MC-UDP Server Data received
2015-08-05 17:13:36,908 INFO [network.TaskObserver] - MC-UDP Server Data received
2015-08-05 17:13:36,913 INFO [network.TaskObserver] - MC-UDP Server Data received
2015-08-05 17:13:36,919 INFO [network.TaskObserver] - MC-UDP Server Data received
2015-08-05 17:13:36,924 INFO [network.TaskObserver] - MC-UDP Server Data received
2015-08-05 17:13:36,929 INFO [network.TaskObserver] - MC-UDP Server Data received
2015-08-05 17:13:36,934 INFO [network.TaskObserver] - MC-UDP Server Data received
2015-08-05 17:13:36,939 INFO [network.TaskObserver] - MC-UDP Server Data received
2015-08-05 17:13:36,944 INFO [network.TaskObserver] - MC-UDP Server Data received
2015-08-05 17:13:36,949 INFO [network.TaskObserver] - MC-UDP Server Data received
2015-08-05 17:13:36,954 INFO [network.TaskObserver] - MC-UDP Server Data received
2015-08-05 17:13:36,959 INFO [network.TaskObserver] - MC-UDP Server Data received
2015-08-05 17:13:36,964 INFO [network.TaskObserver] - MC-UDP Server Data received
2015-08-05 17:13:36,969 INFO [network.TaskObserver] - MC-UDP Server Data received
2015-08-05 17:13:36,974 INFO [network.TaskObserver] - MC-UDP Server Data received
2015-08-05 17:13:36,979 INFO [network.TaskObserver] - MC-UDP Server Data received
2015-08-05 17:13:36,984 INFO [network.TaskObserver] - MC-UDP Server Data received
2015-08-05 17:13:36,989 INFO [network.TaskObserver] - MC-UDP Server Data received
2015-08-05 17:13:36,995 INFO [network.TaskObserver] - MC-UDP Server Data received
2015-08-05 17:13:36,999 INFO [network.TaskObserver] - MC-UDP Server Data received
2015-08-05 17:13:37,004 INFO [network.TaskObserver] - MC-UDP Server Data received
2015-08-05 17:13:37,009 INFO [network.TaskObserver] - MC-UDP Server Data received
2015-08-05 17:13:37,014 INFO [network.TaskObserver] - MC-UDP Server Data received
2015-08-05 17:13:37,019 INFO [network.TaskObserver] - MC-UDP Server Data received
2015-08-05 17:13:37,024 INFO [network.TaskObserver] - MC-UDP Server Data received
2015-08-05 17:13:37,029 INFO [network.TaskObserver] - MC-UDP Server Data received
2015-08-05 17:13:37,034 INFO [network.TaskObserver] - MC-UDP Server Data received
2015-08-05 17:13:37,039 INFO [network.TaskObserver] - MC-UDP Server Data received
2015-08-05 17:13:37,044 INFO [network.TaskObserver] - MC-UDP Server Data received
2015-08-05 17:13:37,049 INFO [network.TaskObserver] - MC-UDP Server Data received
2015-08-05 17:13:37,054 INFO [network.TaskObserver] - MC-UDP Server Data received
2015-08-05 17:13:37,059 INFO [network.TaskObserver] - MC-UDP Server Data received
2015-08-05 17:13:37,064 INFO [network.TaskObserver] - MC-UDP Server Data received
2015-08-05 17:13:37,069 INFO [network.TaskObserver] - MC-UDP Server Data received
2015-08-05 17:13:37,074 INFO [network.TaskObserver] - MC-UDP Server Data received
2015-08-05 17:13:37,079 INFO [network.TaskObserver] - MC-UDP Server Data received
2015-08-05 17:13:37,084 INFO [network.TaskObserver] - MC-UDP Server Data received
2015-08-05 17:13:37,089 INFO [network.TaskObserver] - MC-UDP Server Data received
2015-08-05 17:13:37,094 INFO [network.TaskObserver] - MC-UDP Server Data received
2015-08-05 17:13:37,099 INFO [network.TaskObserver] - MC-UDP Server Data received
2015-08-05 17:13:37,104 INFO [network.TaskObserver] - MC-UDP Server Data received
2015-08-05 17:13:37,109 INFO [network.TaskObserver] - MC-UDP Server Data received
2015-08-05 17:13:37,115 INFO [network.TaskObserver] - MC-UDP Server Data received
2015-08-05 17:13:37,119 INFO [network.TaskObserver] - MC-UDP Server Data received
2015-08-05 17:13:37,124 INFO [network.TaskObserver] - MC-UDP Server Data received
2015-08-05 17:13:37,129 INFO [network.TaskObserver] - MC-UDP Server Data received
2015-08-05 17:13:37,134 INFO [network.TaskObserver] - MC-UDP Server Data received
2015-08-05 17:13:37,143 INFO [network.TaskObserver] - MC-UDP Server Data received
2015-08-05 17:13:37,148 INFO [network.TaskObserver] - MC-UDP Server Data received
2015-08-05 17:13:37,153 INFO [network.TaskObserver] - MC-UDP Server Data received
2015-08-05 17:13:37,158 INFO [network.TaskObserver] - MC-UDP Server Data received
2015-08-05 17:13:37,165 INFO [network.TaskObserver] - MC-UDP Server Data received
2015-08-05 17:13:37,168 INFO [network.TaskObserver] - MC-UDP Server Data received
2015-08-05 17:13:37,173 INFO [network.TaskObserver] - MC-UDP Server Data received
2015-08-05 17:13:37,178 INFO [network.TaskObserver] - MC-UDP Server Data received
2015-08-05 17:13:37,183 INFO [network.TaskObserver] - MC-UDP Server Data received
2015-08-05 17:13:37,188 INFO [network.TaskObserver] - MC-UDP Server Data received
2015-08-05 17:13:37,193 INFO [network.TaskObserver] - MC-UDP Server Data received
2015-08-05 17:13:37,198 INFO [network.TaskObserver] - MC-UDP Server Data received
2015-08-05 17:13:37,203 INFO [network.TaskObserver] - MC-UDP Server Data received
2015-08-05 17:13:37,208 INFO [network.TaskObserver] - MC-UDP Server Data received
2015-08-05 17:13:37,213 INFO [network.TaskObserver] - MC-UDP Server Data received
2015-08-05 17:13:37,218 INFO [network.TaskObserver] - MC-UDP Server Data received
2015-08-05 17:13:37,223 INFO [network.TaskObserver] - MC-UDP Server Data received
2015-08-05 17:13:37,228 INFO [network.TaskObserver] - MC-UDP Server Data received
2015-08-05 17:13:37,233 INFO [network.TaskObserver] - MC-UDP Server Data received
2015-08-05 17:13:37,238 INFO [network.TaskObserver] - MC-UDP Server Data received
2015-08-05 17:13:37,243 INFO [network.TaskObserver] - MC-UDP Server Data received
2015-08-05 17:13:37,248 INFO [network.TaskObserver] - MC-UDP Server Data received
2015-08-05 17:13:37,253 INFO [network.TaskObserver] - MC-UDP Server Data received
2015-08-05 17:13:37,258 INFO [network.TaskObserver] - MC-UDP Server Data received
2015-08-05 17:13:37,270 INFO [network.TaskObserver] - MC-UDP Server Data received
2015-08-05 17:13:37,275 INFO [network.TaskObserver] - MC-UDP Server Data received
2015-08-05 17:13:37,283 INFO [network.TaskObserver] - MC-UDP Server Data received
2015-08-05 17:13:37,292 INFO [network.TaskObserver] - MC-UDP Server Data received
2015-08-05 17:13:37,300 INFO [network.TaskObserver] - MC-UDP Server Data received
2015-08-05 17:13:37,306 INFO [network.TaskObserver] - MC-UDP Server Data received
2015-08-05 17:13:37,313 INFO [network.TaskObserver] - MC-UDP Server Data received
2015-08-05 17:13:37,319 INFO [network.TaskObserver] - MC-UDP Server Data received
2015-08-05 17:13:37,324 INFO [network.TaskObserver] - MC-UDP Server Data received
2015-08-05 17:13:37,329 INFO [network.TaskObserver] - MC-UDP Server Data received
2015-08-05 17:13:37,350 INFO [network.TaskObserver] - MC-UDP Server Data received
2015-08-05 17:13:37,350 INFO [network.TaskObserver] - MC-UDP Server Data received
2015-08-05 17:13:37,352 INFO [network.TaskObserver] - MC-UDP Server Data received
2015-08-05 17:13:37,353 INFO [network.TaskObserver] - MC-UDP Server Data received
2015-08-05 17:13:37,358 INFO [network.TaskObserver] - MC-UDP Server Data received
2015-08-05 17:13:37,363 INFO [network.TaskObserver] - MC-UDP Server Data received
2015-08-05 17:13:37,368 INFO [network.TaskObserver] - MC-UDP Server Data received
2015-08-05 17:13:37,373 INFO [network.TaskObserver] - MC-UDP Server Data received
2015-08-05 17:13:37,378 INFO [network.TaskObserver] - MC-UDP Server Data received
2015-08-05 17:13:37,383 INFO [network.TaskObserver] - MC-UDP Server Data received
2015-08-05 17:13:37,388 INFO [network.TaskObserver] - MC-UDP Server Data received
2015-08-05 17:13:37,393 INFO [network.TaskObserver] - MC-UDP Server Data received
2015-08-05 17:13:37,398 INFO [network.TaskObserver] - MC-UDP Server Data received
2015-08-05 17:13:37,403 INFO [network.TaskObserver] - MC-UDP Server Data received
2015-08-05 17:13:37,408 INFO [network.TaskObserver] - MC-UDP Server Data received
2015-08-05 17:13:37,413 INFO [network.TaskObserver] - MC-UDP Server Data received
2015-08-05 17:13:37,418 INFO [network.TaskObserver] - MC-UDP Server Data received
2015-08-05 17:13:37,423 INFO [network.TaskObserver] - MC-UDP Server Data received
2015-08-05 17:13:37,428 INFO [network.TaskObserver] - MC-UDP Server Data received
2015-08-05 17:13:37,433 INFO [network.TaskObserver] - MC-UDP Server Data received
2015-08-05 17:13:37,438 INFO [network.TaskObserver] - MC-UDP Server Data received
2015-08-05 17:13:37,443 INFO [network.TaskObserver] - MC-UDP Server Data received
2015-08-05 17:13:37,448 INFO [network.TaskObserver] - MC-UDP Server Data received
2015-08-05 17:13:37,453 INFO [network.TaskObserver] - MC-UDP Server Data received
2015-08-05 17:13:37,458 INFO [network.TaskObserver] - MC-UDP Server Data received
2015-08-05 17:13:37,463 INFO [network.TaskObserver] - MC-UDP Server Data received
2015-08-05 17:13:37,468 INFO [network.TaskObserver] - MC-UDP Server Data received
2015-08-05 17:13:37,473 INFO [network.TaskObserver] - MC-UDP Server Data received
2015-08-05 17:13:37,478 INFO [network.TaskObserver] - MC-UDP Server Data received
2015-08-05 17:13:37,483 INFO [network.TaskObserver] - MC-UDP Server Data received
2015-08-05 17:13:37,488 INFO [network.TaskObserver] - MC-UDP Server Data received
2015-08-05 17:13:37,493 INFO [network.TaskObserver] - MC-UDP Server Data received
2015-08-05 17:13:37,498 INFO [network.TaskObserver] - MC-UDP Server Data received
2015-08-05 17:13:37,503 INFO [network.TaskObserver] - MC-UDP Server Data received
2015-08-05 17:13:37,508 INFO [network.TaskObserver] - MC-UDP Server Data received
2015-08-05 17:13:37,513 INFO [network.TaskObserver] - MC-UDP Server Data received
2015-08-05 17:13:37,518 INFO [network.TaskObserver] - MC-UDP Server Data received
2015-08-05 17:13:37,523 INFO [network.TaskObserver] - MC-UDP Server Data received
2015-08-05 17:13:37,528 INFO [network.TaskObserver] - MC-UDP Server Data received
2015-08-05 17:13:37,533 INFO [network.TaskObserver] - MC-UDP Server Data received
2015-08-05 17:13:37,538 INFO [network.TaskObserver] - MC-UDP Server Data received
2015-08-05 17:13:37,543 INFO [network.TaskObserver] - MC-UDP Server Data received
2015-08-05 17:13:37,550 INFO [network.TaskObserver] - MC-UDP Server Data received
2015-08-05 17:13:37,555 INFO [network.TaskObserver] - MC-UDP Server Data received
2015-08-05 17:13:37,560 INFO [network.TaskObserver] - MC-UDP Server Data received
2015-08-05 17:13:37,565 INFO [network.TaskObserver] - MC-UDP Server Data received
2015-08-05 17:13:37,570 INFO [network.TaskObserver] - MC-UDP Server Data received
2015-08-05 17:13:37,575 INFO [network.TaskObserver] - MC-UDP Server Data received
2015-08-05 17:13:37,580 INFO [network.TaskObserver] - MC-UDP Server Data received
2015-08-05 17:13:37,585 INFO [network.TaskObserver] - MC-UDP Server Data received
2015-08-05 17:13:37,590 INFO [network.TaskObserver] - MC-UDP Server Data received
2015-08-05 17:13:37,595 INFO [network.TaskObserver] - MC-UDP Server Data received
2015-08-05 17:13:37,600 INFO [network.TaskObserver] - MC-UDP Server Data received
2015-08-05 17:13:37,605 INFO [network.TaskObserver] - MC-UDP Server Data received
2015-08-05 17:13:37,610 INFO [network.TaskObserver] - MC-UDP Server Data received
2015-08-05 17:13:37,615 INFO [network.TaskObserver] - MC-UDP Server Data received
2015-08-05 17:13:37,620 INFO [network.TaskObserver] - MC-UDP Server Data received
2015-08-05 17:13:37,625 INFO [network.TaskObserver] - MC-UDP Server Data received
2015-08-05 17:13:37,630 INFO [network.TaskObserver] - MC-UDP Server Data received
2015-08-05 17:13:37,635 INFO [network.TaskObserver] - MC-UDP Server Data received
2015-08-05 17:13:37,640 INFO [network.TaskObserver] - MC-UDP Server Data received
2015-08-05 17:13:37,645 INFO [network.TaskObserver] - MC-UDP Server Data received
2015-08-05 17:13:37,651 INFO [network.TaskObserver] - MC-UDP Server Data received
2015-08-05 17:13:37,655 INFO [network.TaskObserver] - MC-UDP Server Data received
2015-08-05 17:13:37,660 INFO [network.TaskObserver] - MC-UDP Server Data received
2015-08-05 17:13:37,665 INFO [network.TaskObserver] - MC-UDP Server Data received
2015-08-05 17:13:37,670 INFO [network.TaskObserver] - MC-UDP Server Data received
2015-08-05 17:13:37,675 INFO [network.TaskObserver] - MC-UDP Server Data received
2015-08-05 17:13:37,680 INFO [network.TaskObserver] - MC-UDP Server Data received
2015-08-05 17:13:37,685 INFO [network.TaskObserver] - MC-UDP Server Data received
2015-08-05 17:13:37,690 INFO [network.TaskObserver] - MC-UDP Server Data received
2015-08-05 17:13:37,695 INFO [network.TaskObserver] - MC-UDP Server Data received
2015-08-05 17:13:37,730 INFO [network.TaskObserver] - MC-UDP Server Data received
2015-08-05 17:13:37,736 INFO [network.TaskObserver] - MC-UDP Server Data received
2015-08-05 17:13:37,741 INFO [network.TaskObserver] - MC-UDP Server Data received
2015-08-05 17:13:37,750 INFO [network.TaskObserver] - MC-UDP Server Data received
2015-08-05 17:13:37,755 INFO [network.TaskObserver] - MC-UDP Server Data received
2015-08-05 17:13:37,761 INFO [network.TaskObserver] - MC-UDP Server Data received
2015-08-05 17:13:37,766 INFO [network.TaskObserver] - MC-UDP Server Data received
2015-08-05 17:13:37,772 INFO [network.TaskObserver] - MC-UDP Server Data received
2015-08-05 17:13:37,777 INFO [network.TaskObserver] - MC-UDP Server Data received
2015-08-05 17:13:37,782 INFO [network.TaskObserver] - MC-UDP Server Data received
2015-08-05 17:13:37,787 INFO [network.TaskObserver] - MC-UDP Server Data received
2015-08-05 17:13:37,792 INFO [network.TaskObserver] - MC-UDP Server Data received
2015-08-05 17:13:37,797 INFO [network.TaskObserver] - MC-UDP Server Data received
2015-08-05 17:13:37,803 INFO [network.TaskObserver] - MC-UDP Server Data received
2015-08-05 17:13:37,808 INFO [network.TaskObserver] - MC-UDP Server Data received
2015-08-05 17:13:37,813 INFO [network.TaskObserver] - MC-UDP Server Data received
2015-08-05 17:13:37,818 INFO [network.TaskObserver] - MC-UDP Server Data received
2015-08-05 17:13:37,823 INFO [network.TaskObserver] - MC-UDP Server Data received
2015-08-05 17:13:37,828 INFO [network.TaskObserver] - MC-UDP Server Data received
2015-08-05 17:13:37,833 INFO [network.TaskObserver] - MC-UDP Server Data received
2015-08-05 17:13:37,838 INFO [network.TaskObserver] - MC-UDP Server Data received
2015-08-05 17:13:37,843 INFO [network.TaskObserver] - MC-UDP Server Data received
2015-08-05 17:13:37,848 INFO [network.TaskObserver] - MC-UDP Server Data received
2015-08-05 17:13:37,853 INFO [network.TaskObserver] - MC-UDP Server Data received
2015-08-05 17:13:37,858 INFO [network.TaskObserver] - MC-UDP Server Data received
2015-08-05 17:13:37,863 INFO [network.TaskObserver] - MC-UDP Server Data received
2015-08-05 17:13:37,868 INFO [network.TaskObserver] - MC-UDP Server Data received
2015-08-05 17:13:37,873 INFO [network.TaskObserver] - MC-UDP Server Data received
2015-08-05 17:13:37,878 INFO [network.TaskObserver] - MC-UDP Server Data received
2015-08-05 17:13:37,883 INFO [network.TaskObserver] - MC-UDP Server Data received
2015-08-05 17:13:37,888 INFO [network.TaskObserver] - MC-UDP Server Data received
2015-08-05 17:13:37,893 INFO [network.TaskObserver] - MC-UDP Server Data received
2015-08-05 17:13:37,898 INFO [network.TaskObserver] - MC-UDP Server Data received
2015-08-05 17:13:37,903 INFO [network.TaskObserver] - MC-UDP Server Data received
2015-08-05 17:13:37,908 INFO [network.TaskObserver] - MC-UDP Server Data received
2015-08-05 17:13:37,913 INFO [network.TaskObserver] - MC-UDP Server Data received
2015-08-05 17:13:37,918 INFO [network.TaskObserver] - MC-UDP Server Data received
2015-08-05 17:13:37,923 INFO [network.TaskObserver] - MC-UDP Server Data received
2015-08-05 17:13:37,928 INFO [network.TaskObserver] - MC-UDP Server Data received
2015-08-05 17:13:37,933 INFO [network.TaskObserver] - MC-UDP Server Data received
2015-08-05 17:13:37,940 INFO [network.TaskObserver] - MC-UDP Server Data received
2015-08-05 17:13:37,945 INFO [network.TaskObserver] - MC-UDP Server Data received
2015-08-05 17:13:37,950 INFO [network.TaskObserver] - MC-UDP Server Data received
2015-08-05 17:13:37,955 INFO [network.TaskObserver] - MC-UDP Server Data received
2015-08-05 17:13:37,960 INFO [network.TaskObserver] - MC-UDP Server Data received
2015-08-05 17:13:37,965 INFO [network.TaskObserver] - MC-UDP Server Data received
2015-08-05 17:13:37,970 INFO [network.TaskObserver] - MC-UDP Server Data received
2015-08-05 17:13:37,975 INFO [network.TaskObserver] - MC-UDP Server Data received
2015-08-05 17:13:37,980 INFO [network.TaskObserver] - MC-UDP Server Data received
2015-08-05 17:13:37,985 INFO [network.TaskObserver] - MC-UDP Server Data received
2015-08-05 17:13:37,990 INFO [network.TaskObserver] - MC-UDP Server Data received
2015-08-05 17:13:37,995 INFO [network.TaskObserver] - MC-UDP Server Data received
2015-08-05 17:13:38,000 INFO [network.TaskObserver] - MC-UDP Server Data received
2015-08-05 17:13:38,005 INFO [network.TaskObserver] - MC-UDP Server Data received
2015-08-05 17:13:38,010 INFO [network.TaskObserver] - MC-UDP Server Data received
2015-08-05 17:13:38,015 INFO [network.TaskObserver] - MC-UDP Server Data received
2015-08-05 17:13:38,020 INFO [network.TaskObserver] - MC-UDP Server Data received
2015-08-05 17:13:38,025 INFO [network.TaskObserver] - MC-UDP Server Data received
2015-08-05 17:13:38,030 INFO [network.TaskObserver] - MC-UDP Server Data received
2015-08-05 17:13:38,035 INFO [network.TaskObserver] - MC-UDP Server Data received
2015-08-05 17:13:38,040 INFO [network.TaskObserver] - MC-UDP Server Data received
2015-08-05 17:13:38,045 INFO [network.TaskObserver] - MC-UDP Server Data received
2015-08-05 17:13:38,050 INFO [network.TaskObserver] - MC-UDP Server Data received
2015-08-05 17:13:38,055 INFO [network.TaskObserver] - MC-UDP Server Data received
2015-08-05 17:13:38,060 INFO [network.TaskObserver] - MC-UDP Server Data received
2015-08-05 17:13:38,065 INFO [network.TaskObserver] - MC-UDP Server Data received
2015-08-05 17:13:38,070 INFO [network.TaskObserver] - MC-UDP Server Data received
2015-08-05 17:13:38,075 INFO [network.TaskObserver] - MC-UDP Server Data received
2015-08-05 17:13:38,080 INFO [network.TaskObserver] - MC-UDP Server Data received
2015-08-05 17:13:38,085 INFO [network.TaskObserver] - MC-UDP Server Data received
2015-08-05 17:13:38,090 INFO [network.TaskObserver] - MC-UDP Server Data received
2015-08-05 17:13:38,095 INFO [network.TaskObserver] - MC-UDP Server Data received
2015-08-05 17:13:38,100 INFO [network.TaskObserver] - MC-UDP Server Data received
2015-08-05 17:13:38,105 INFO [network.TaskObserver] - MC-UDP Server Data received
2015-08-05 17:13:38,110 INFO [network.TaskObserver] - MC-UDP Server Data received
2015-08-05 17:13:38,115 INFO [network.TaskObserver] - MC-UDP Server Data received
2015-08-05 17:13:38,120 INFO [network.TaskObserver] - MC-UDP Server Data received
2015-08-05 17:13:38,125 INFO [network.TaskObserver] - MC-UDP Server Data received
2015-08-05 17:13:38,130 INFO [network.TaskObserver] - MC-UDP Server Data received
2015-08-05 17:13:38,135 INFO [network.TaskObserver] - MC-UDP Server Data received
2015-08-05 17:13:38,140 INFO [network.TaskObserver] - MC-UDP Server Data received
2015-08-05 17:13:38,145 INFO [network.TaskObserver] - MC-UDP Server Data received
2015-08-05 17:13:38,150 INFO [network.TaskObserver] - MC-UDP Server Data received
2015-08-05 17:13:38,155 INFO [network.TaskObserver] - MC-UDP Server Data received
2015-08-05 17:13:38,160 INFO [network.TaskObserver] - MC-UDP Server Data received
2015-08-05 17:13:38,165 INFO [network.TaskObserver] - MC-UDP Server Data received
2015-08-05 17:13:38,170 INFO [network.TaskObserver] - MC-UDP Server Data received
2015-08-05 17:13:38,175 INFO [network.TaskObserver] - MC-UDP Server Data received
2015-08-05 17:13:38,180 INFO [network.TaskObserver] - MC-UDP Server Data received
2015-08-05 17:13:38,185 INFO [network.TaskObserver] - MC-UDP Server Data received
2015-08-05 17:13:38,190 INFO [network.TaskObserver] - MC-UDP Server Data received
2015-08-05 17:13:38,221 INFO [network.TaskObserver] - MC-UDP Server Data received
2015-08-05 17:13:38,222 INFO [network.TaskObserver] - MC-UDP Server Data received
2015-08-05 17:13:38,222 INFO [network.TaskObserver] - MC-UDP Server Data received
2015-08-05 17:13:38,222 INFO [network.TaskObserver] - MC-UDP Server Data received
2015-08-05 17:13:38,222 INFO [network.TaskObserver] - MC-UDP Server Data received
2015-08-05 17:13:38,222 INFO [network.TaskObserver] - MC-UDP Server Data received
2015-08-05 17:13:38,225 INFO [network.TaskObserver] - MC-UDP Server Data received
2015-08-05 17:13:38,230 INFO [network.TaskObserver] - MC-UDP Server Data received
2015-08-05 17:13:38,235 INFO [network.TaskObserver] - MC-UDP Server Data received
2015-08-05 17:13:38,240 INFO [network.TaskObserver] - MC-UDP Server Data received
2015-08-05 17:13:38,245 INFO [network.TaskObserver] - MC-UDP Server Data received
2015-08-05 17:13:38,250 INFO [network.TaskObserver] - MC-UDP Server Data received
2015-08-05 17:13:38,255 INFO [network.TaskObserver] - MC-UDP Server Data received
2015-08-05 17:13:38,260 INFO [network.TaskObserver] - MC-UDP Server Data received
2015-08-05 17:13:38,265 INFO [network.TaskObserver] - MC-UDP Server Data received
2015-08-05 17:13:38,270 INFO [network.TaskObserver] - MC-UDP Server Data received
2015-08-05 17:13:38,275 INFO [network.TaskObserver] - MC-UDP Server Data received
2015-08-05 17:13:38,280 INFO [network.TaskObserver] - MC-UDP Server Data received
2015-08-05 17:13:38,285 INFO [network.TaskObserver] - MC-UDP Server Data received
2015-08-05 17:13:38,291 INFO [network.TaskObserver] - MC-UDP Server Data received
2015-08-05 17:13:38,295 INFO [network.TaskObserver] - MC-UDP Server Data received
2015-08-05 17:13:38,321 INFO [network.TaskObserver] - MC-UDP Server Data received
2015-08-05 17:13:38,327 INFO [network.TaskObserver] - MC-UDP Server Data received
2015-08-05 17:13:38,332 INFO [network.TaskObserver] - MC-UDP Server Data received
2015-08-05 17:13:38,337 INFO [network.TaskObserver] - MC-UDP Server Data received
2015-08-05 17:13:38,342 INFO [network.TaskObserver] - MC-UDP Server Data received
2015-08-05 17:13:38,347 INFO [network.TaskObserver] - MC-UDP Server Data received
2015-08-05 17:13:38,352 INFO [network.TaskObserver] - MC-UDP Server Data received
2015-08-05 17:13:38,357 INFO [network.TaskObserver] - MC-UDP Server Data received
2015-08-05 17:13:38,362 INFO [network.TaskObserver] - MC-UDP Server Data received
2015-08-05 17:13:38,367 INFO [network.TaskObserver] - MC-UDP Server Data received
2015-08-05 17:13:38,372 INFO [network.TaskObserver] - MC-UDP Server Data received
2015-08-05 17:13:38,377 INFO [network.TaskObserver] - MC-UDP Server Data received
2015-08-05 17:13:38,382 INFO [network.TaskObserver] - MC-UDP Server Data received
2015-08-05 17:13:38,387 INFO [network.TaskObserver] - MC-UDP Server Data received
2015-08-05 17:13:38,392 INFO [network.TaskObserver] - MC-UDP Server Data received
2015-08-05 17:13:38,397 INFO [network.TaskObserver] - MC-UDP Server Data received
2015-08-05 17:13:38,402 INFO [network.TaskObserver] - MC-UDP Server Data received
2015-08-05 17:13:38,407 INFO [network.TaskObserver] - MC-UDP Server Data received
2015-08-05 17:13:38,412 INFO [network.TaskObserver] - MC-UDP Server Data received
2015-08-05 17:13:38,417 INFO [network.TaskObserver] - MC-UDP Server Data received
2015-08-05 17:13:38,422 INFO [network.TaskObserver] - MC-UDP Server Data received
2015-08-05 17:13:38,427 INFO [network.TaskObserver] - MC-UDP Server Data received
2015-08-05 17:13:38,433 INFO [network.TaskObserver] - MC-UDP Server Data received
2015-08-05 17:13:38,438 INFO [network.TaskObserver] - MC-UDP Server Data received
2015-08-05 17:13:38,443 INFO [network.TaskObserver] - MC-UDP Server Data received
2015-08-05 17:13:38,448 INFO [network.TaskObserver] - MC-UDP Server Data received
2015-08-05 17:13:38,453 INFO [network.TaskObserver] - MC-UDP Server Data received
2015-08-05 17:13:38,458 INFO [network.TaskObserver] - MC-UDP Server Data received
2015-08-05 17:13:38,463 INFO [network.TaskObserver] - MC-UDP Server Data received
2015-08-05 17:13:38,468 INFO [network.TaskObserver] - MC-UDP Server Data received
2015-08-05 17:13:38,473 INFO [network.TaskObserver] - MC-UDP Server Data received
2015-08-05 17:13:38,478 INFO [network.TaskObserver] - MC-UDP Server Data received
2015-08-05 17:13:38,491 INFO [network.TaskObserver] - MC-UDP Server Data received
2015-08-05 17:13:38,491 INFO [network.TaskObserver] - MC-UDP Server Data received
2015-08-05 17:13:38,495 INFO [network.TaskObserver] - MC-UDP Server Data received
2015-08-05 17:13:38,503 INFO [network.TaskObserver] - MC-UDP Server Data received
2015-08-05 17:13:38,508 INFO [network.TaskObserver] - MC-UDP Server Data received
2015-08-05 17:13:38,513 INFO [network.TaskObserver] - MC-UDP Server Data received
2015-08-05 17:13:38,518 INFO [network.TaskObserver] - MC-UDP Server Data received
2015-08-05 17:13:38,523 INFO [network.TaskObserver] - MC-UDP Server Data received
2015-08-05 17:13:38,528 INFO [network.TaskObserver] - MC-UDP Server Data received
2015-08-05 17:13:38,535 INFO [network.TaskObserver] - MC-UDP Server Data received
2015-08-05 17:13:38,540 INFO [network.TaskObserver] - MC-UDP Server Data received
2015-08-05 17:13:38,545 INFO [network.TaskObserver] - MC-UDP Server Data received
2015-08-05 17:13:38,550 INFO [network.TaskObserver] - MC-UDP Server Data received
2015-08-05 17:13:38,555 INFO [network.TaskObserver] - MC-UDP Server Data received
2015-08-05 17:13:38,560 INFO [network.TaskObserver] - MC-UDP Server Data received
2015-08-05 17:13:38,565 INFO [network.TaskObserver] - MC-UDP Server Data received
2015-08-05 17:13:38,570 INFO [network.TaskObserver] - MC-UDP Server Data received
2015-08-05 17:13:38,575 INFO [network.TaskObserver] - MC-UDP Server Data received
2015-08-05 17:13:38,580 INFO [network.TaskObserver] - MC-UDP Server Data received
2015-08-05 17:13:38,585 INFO [network.TaskObserver] - MC-UDP Server Data received
2015-08-05 17:13:38,590 INFO [network.TaskObserver] - MC-UDP Server Data received
2015-08-05 17:13:38,595 INFO [network.TaskObserver] - MC-UDP Server Data received
2015-08-05 17:13:38,600 INFO [network.TaskObserver] - MC-UDP Server Data received
2015-08-05 17:13:38,605 INFO [network.TaskObserver] - MC-UDP Server Data received
2015-08-05 17:13:38,610 INFO [network.TaskObserver] - MC-UDP Server Data received
2015-08-05 17:13:38,615 INFO [network.TaskObserver] - MC-UDP Server Data received
2015-08-05 17:13:38,620 INFO [network.TaskObserver] - MC-UDP Server Data received
2015-08-05 17:13:38,625 INFO [network.TaskObserver] - MC-UDP Server Data received
2015-08-05 17:13:38,630 INFO [network.TaskObserver] - MC-UDP Server Data received
2015-08-05 17:13:38,635 INFO [network.TaskObserver] - MC-UDP Server Data received
2015-08-05 17:13:38,640 INFO [network.TaskObserver] - MC-UDP Server Data received
2015-08-05 17:13:38,645 INFO [network.TaskObserver] - MC-UDP Server Data received
2015-08-05 17:13:38,650 INFO [network.TaskObserver] - MC-UDP Server Data received
2015-08-05 17:13:38,655 INFO [network.TaskObserver] - MC-UDP Server Data received
2015-08-05 17:13:38,660 INFO [network.TaskObserver] - MC-UDP Server Data received
2015-08-05 17:13:38,665 INFO [network.TaskObserver] - MC-UDP Server Data received
2015-08-05 17:13:38,670 INFO [network.TaskObserver] - MC-UDP Server Data received
2015-08-05 17:13:38,675 INFO [network.TaskObserver] - MC-UDP Server Data received
2015-08-05 17:13:38,680 INFO [network.TaskObserver] - MC-UDP Server Data received
2015-08-05 17:13:38,685 INFO [network.TaskObserver] - MC-UDP Server Data received
2015-08-05 17:13:38,690 INFO [network.TaskObserver] - MC-UDP Server Data received
2015-08-05 17:13:38,695 INFO [network.TaskObserver] - MC-UDP Server Data received
2015-08-05 17:13:38,700 INFO [network.TaskObserver] - MC-UDP Server Data received
2015-08-05 17:13:38,705 INFO [network.TaskObserver] - MC-UDP Server Data received
2015-08-05 17:13:38,710 INFO [network.TaskObserver] - MC-UDP Server Data received
2015-08-05 17:13:38,715 INFO [network.TaskObserver] - MC-UDP Server Data received
2015-08-05 17:13:38,720 INFO [network.TaskObserver] - MC-UDP Server Data received
2015-08-05 17:13:38,725 INFO [network.TaskObserver] - MC-UDP Server Data received
2015-08-05 17:13:38,730 INFO [network.TaskObserver] - MC-UDP Server Data received
2015-08-05 17:13:38,735 INFO [network.TaskObserver] - MC-UDP Server Data received
2015-08-05 17:13:38,740 INFO [network.TaskObserver] - MC-UDP Server Data received
2015-08-05 17:13:38,745 INFO [network.TaskObserver] - MC-UDP Server Data received
2015-08-05 17:13:38,750 INFO [network.TaskObserver] - MC-UDP Server Data received
2015-08-05 17:13:38,755 INFO [network.TaskObserver] - MC-UDP Server Data received
2015-08-05 17:13:38,760 INFO [network.TaskObserver] - MC-UDP Server Data received
2015-08-05 17:13:38,765 INFO [network.TaskObserver] - MC-UDP Server Data received
2015-08-05 17:13:38,770 INFO [network.TaskObserver] - MC-UDP Server Data received
2015-08-05 17:13:38,775 INFO [network.TaskObserver] - MC-UDP Server Data received
2015-08-05 17:13:38,780 INFO [network.TaskObserver] - MC-UDP Server Data received
2015-08-05 17:13:38,785 INFO [network.TaskObserver] - MC-UDP Server Data received
2015-08-05 17:13:38,790 INFO [network.TaskObserver] - MC-UDP Server Data received
2015-08-05 17:13:38,795 INFO [network.TaskObserver] - MC-UDP Server Data received
2015-08-05 17:13:38,801 INFO [network.TaskObserver] - MC-UDP Server Data received
2015-08-05 17:13:38,806 INFO [network.TaskObserver] - MC-UDP Server Data received
2015-08-05 17:13:38,811 INFO [network.TaskObserver] - MC-UDP Server Data received
2015-08-05 17:13:38,817 INFO [network.TaskObserver] - MC-UDP Server Data received
2015-08-05 17:13:38,822 INFO [network.TaskObserver] - MC-UDP Server Data received
2015-08-05 17:13:38,827 INFO [network.TaskObserver] - MC-UDP Server Data received
2015-08-05 17:13:38,835 INFO [network.TaskObserver] - MC-UDP Server Data received
2015-08-05 17:13:38,840 INFO [network.TaskObserver] - MC-UDP Server Data received
2015-08-05 17:13:38,845 INFO [network.TaskObserver] - MC-UDP Server Data received
2015-08-05 17:13:38,854 INFO [network.TaskObserver] - MC-UDP Server Data received
2015-08-05 17:13:38,873 INFO [network.TaskObserver] - MC-UDP Server Data received
2015-08-05 17:13:38,879 INFO [network.TaskObserver] - MC-UDP Server Data received
2015-08-05 17:13:38,883 INFO [network.TaskObserver] - MC-UDP Server Data received
2015-08-05 17:13:38,888 INFO [network.TaskObserver] - MC-UDP Server Data received
2015-08-05 17:13:38,893 INFO [network.TaskObserver] - MC-UDP Server Data received
2015-08-05 17:13:38,898 INFO [network.TaskObserver] - MC-UDP Server Data received
2015-08-05 17:13:38,903 INFO [network.TaskObserver] - MC-UDP Server Data received
2015-08-05 17:13:38,908 INFO [network.TaskObserver] - MC-UDP Server Data received
2015-08-05 17:13:38,913 INFO [network.TaskObserver] - MC-UDP Server Data received
2015-08-05 17:13:38,918 INFO [network.TaskObserver] - MC-UDP Server Data received
2015-08-05 17:13:38,923 INFO [network.TaskObserver] - MC-UDP Server Data received
2015-08-05 17:13:38,928 INFO [network.TaskObserver] - MC-UDP Server Data received
2015-08-05 17:13:38,933 INFO [network.TaskObserver] - MC-UDP Server Data received
2015-08-05 17:13:38,939 INFO [network.TaskObserver] - MC-UDP Server Data received
2015-08-05 17:13:38,944 INFO [network.TaskObserver] - MC-UDP Server Data received
2015-08-05 17:13:38,952 INFO [network.TaskObserver] - MC-UDP Server Data received
2015-08-05 17:13:38,957 INFO [network.TaskObserver] - MC-UDP Server Data received
2015-08-05 17:13:38,962 INFO [network.TaskObserver] - MC-UDP Server Data received
2015-08-05 17:13:38,967 INFO [network.TaskObserver] - MC-UDP Server Data received
2015-08-05 17:13:38,972 INFO [network.TaskObserver] - MC-UDP Server Data received
2015-08-05 17:13:38,977 INFO [network.TaskObserver] - MC-UDP Server Data received
2015-08-05 17:13:38,983 INFO [network.TaskObserver] - MC-UDP Server Data received
2015-08-05 17:13:38,988 INFO [network.TaskObserver] - MC-UDP Server Data received
2015-08-05 17:13:38,993 INFO [network.TaskObserver] - MC-UDP Server Data received
2015-08-05 17:13:38,998 INFO [network.TaskObserver] - MC-UDP Server Data received
2015-08-05 17:13:39,003 INFO [network.TaskObserver] - MC-UDP Server Data received
2015-08-05 17:13:39,008 INFO [network.TaskObserver] - MC-UDP Server Data received
2015-08-05 17:13:39,013 INFO [network.TaskObserver] - MC-UDP Server Data received
2015-08-05 17:13:39,018 INFO [network.TaskObserver] - MC-UDP Server Data received
2015-08-05 17:13:39,023 INFO [network.TaskObserver] - MC-UDP Server Data received
2015-08-05 17:13:39,028 INFO [network.TaskObserver] - MC-UDP Server Data received
2015-08-05 17:13:39,033 INFO [network.TaskObserver] - MC-UDP Server Data received
2015-08-05 17:13:39,039 INFO [network.TaskObserver] - MC-UDP Server Data received
2015-08-05 17:13:39,044 INFO [network.TaskObserver] - MC-UDP Server Data received
2015-08-05 17:13:39,049 INFO [network.TaskObserver] - MC-UDP Server Data received
2015-08-05 17:13:39,054 INFO [network.TaskObserver] - MC-UDP Server Data received
2015-08-05 17:13:39,059 INFO [network.TaskObserver] - MC-UDP Server Data received
2015-08-05 17:13:39,064 INFO [network.TaskObserver] - MC-UDP Server Data received
2015-08-05 17:13:39,069 INFO [network.TaskObserver] - MC-UDP Server Data received
2015-08-05 17:13:39,074 INFO [network.TaskObserver] - MC-UDP Server Data received
2015-08-05 17:13:39,079 INFO [network.TaskObserver] - MC-UDP Server Data received
2015-08-05 17:13:39,084 INFO [network.TaskObserver] - MC-UDP Server Data received
2015-08-05 17:13:39,089 INFO [network.TaskObserver] - MC-UDP Server Data received
2015-08-05 17:13:39,094 INFO [network.TaskObserver] - MC-UDP Server Data received
2015-08-05 17:13:39,099 INFO [network.TaskObserver] - MC-UDP Server Data received
2015-08-05 17:13:39,104 INFO [network.TaskObserver] - MC-UDP Server Data received
2015-08-05 17:13:39,109 INFO [network.TaskObserver] - MC-UDP Server Data received
2015-08-05 17:13:39,114 INFO [network.TaskObserver] - MC-UDP Server Data received
2015-08-05 17:13:39,119 INFO [network.TaskObserver] - MC-UDP Server Data received
2015-08-05 17:13:39,124 INFO [network.TaskObserver] - MC-UDP Server Data received
2015-08-05 17:13:39,129 INFO [network.TaskObserver] - MC-UDP Server Data received
2015-08-05 17:13:39,134 INFO [network.TaskObserver] - MC-UDP Server Data received
2015-08-05 17:13:39,139 INFO [network.TaskObserver] - MC-UDP Server Data received
2015-08-05 17:13:39,144 INFO [network.TaskObserver] - MC-UDP Server Data received
2015-08-05 17:13:39,149 INFO [network.TaskObserver] - MC-UDP Server Data received
2015-08-05 17:13:39,155 INFO [network.TaskObserver] - MC-UDP Server Data received
2015-08-05 17:13:39,160 INFO [network.TaskObserver] - MC-UDP Server Data received
2015-08-05 17:13:39,165 INFO [network.TaskObserver] - MC-UDP Server Data received
2015-08-05 17:13:39,170 INFO [network.TaskObserver] - MC-UDP Server Data received
2015-08-05 17:13:39,175 INFO [network.TaskObserver] - MC-UDP Server Data received
2015-08-05 17:13:39,180 INFO [network.TaskObserver] - MC-UDP Server Data received
2015-08-05 17:13:39,185 INFO [network.TaskObserver] - MC-UDP Server Data received
2015-08-05 17:13:39,210 INFO [network.TaskObserver] - MC-UDP Server Data received
2015-08-05 17:13:39,211 INFO [network.TaskObserver] - MC-UDP Server Data received
2015-08-05 17:13:39,211 INFO [network.TaskObserver] - MC-UDP Server Data received
2015-08-05 17:13:39,211 INFO [network.TaskObserver] - MC-UDP Server Data received
2015-08-05 17:13:39,211 INFO [network.TaskObserver] - MC-UDP Server Data received
2015-08-05 17:13:39,218 INFO [network.TaskObserver] - MC-UDP Server Data received
2015-08-05 17:13:39,221 INFO [network.TaskObserver] - MC-UDP Server Data received
2015-08-05 17:13:39,226 INFO [network.TaskObserver] - MC-UDP Server Data received
2015-08-05 17:13:39,233 INFO [network.TaskObserver] - MC-UDP Server Data received
2015-08-05 17:13:39,241 INFO [network.TaskObserver] - MC-UDP Server Data received
2015-08-05 17:13:39,247 INFO [network.TaskObserver] - MC-UDP Server Data received
2015-08-05 17:13:39,252 INFO [network.TaskObserver] - MC-UDP Server Data received
2015-08-05 17:13:39,257 INFO [network.TaskObserver] - MC-UDP Server Data received
2015-08-05 17:13:39,262 INFO [network.TaskObserver] - MC-UDP Server Data received
2015-08-05 17:13:39,268 INFO [network.TaskObserver] - MC-UDP Server Data received
2015-08-05 17:13:39,272 INFO [network.TaskObserver] - MC-UDP Server Data received
2015-08-05 17:13:39,277 INFO [network.TaskObserver] - MC-UDP Server Data received
2015-08-05 17:13:39,282 INFO [network.TaskObserver] - MC-UDP Server Data received
2015-08-05 17:13:39,287 INFO [network.TaskObserver] - MC-UDP Server Data received
2015-08-05 17:13:39,292 INFO [network.TaskObserver] - MC-UDP Server Data received
2015-08-05 17:13:39,297 INFO [network.TaskObserver] - MC-UDP Server Data received
2015-08-05 17:13:39,302 INFO [network.TaskObserver] - MC-UDP Server Data received
2015-08-05 17:13:39,307 INFO [network.TaskObserver] - MC-UDP Server Data received
2015-08-05 17:13:39,312 INFO [network.TaskObserver] - MC-UDP Server Data received
2015-08-05 17:13:39,320 INFO [network.TaskObserver] - MC-UDP Server Data received
2015-08-05 17:13:39,325 INFO [network.TaskObserver] - MC-UDP Server Data received
2015-08-05 17:13:39,330 INFO [network.TaskObserver] - MC-UDP Server Data received
2015-08-05 17:13:39,335 INFO [network.TaskObserver] - MC-UDP Server Data received
2015-08-05 17:13:39,341 INFO [network.TaskObserver] - MC-UDP Server Data received
2015-08-05 17:13:39,346 INFO [network.TaskObserver] - MC-UDP Server Data received
2015-08-05 17:13:39,351 INFO [network.TaskObserver] - MC-UDP Server Data received
2015-08-05 17:13:39,356 INFO [network.TaskObserver] - MC-UDP Server Data received
2015-08-05 17:13:39,363 INFO [network.TaskObserver] - MC-UDP Server Data received
2015-08-05 17:13:39,371 INFO [network.TaskObserver] - MC-UDP Server Data received
2015-08-05 17:13:39,374 INFO [network.TaskObserver] - MC-UDP Server Data received
2015-08-05 17:13:39,385 INFO [network.TaskObserver] - MC-UDP Server Data received
2015-08-05 17:13:39,385 INFO [network.TaskObserver] - MC-UDP Server Data received
2015-08-05 17:13:39,389 INFO [network.TaskObserver] - MC-UDP Server Data received
2015-08-05 17:13:39,394 INFO [network.TaskObserver] - MC-UDP Server Data received
2015-08-05 17:13:39,400 INFO [network.TaskObserver] - MC-UDP Server Data received
2015-08-05 17:13:39,405 INFO [network.TaskObserver] - MC-UDP Server Data received
2015-08-05 17:13:39,410 INFO [network.TaskObserver] - MC-UDP Server Data received
2015-08-05 17:13:39,415 INFO [network.TaskObserver] - MC-UDP Server Data received
2015-08-05 17:13:39,420 INFO [network.TaskObserver] - MC-UDP Server Data received
2015-08-05 17:13:39,425 INFO [network.TaskObserver] - MC-UDP Server Data received
2015-08-05 17:13:39,430 INFO [network.TaskObserver] - MC-UDP Server Data received
2015-08-05 17:13:39,435 INFO [network.TaskObserver] - MC-UDP Server Data received
2015-08-05 17:13:39,440 INFO [network.TaskObserver] - MC-UDP Server Data received
2015-08-05 17:13:39,445 INFO [network.TaskObserver] - MC-UDP Server Data received
2015-08-05 17:13:39,450 INFO [network.TaskObserver] - MC-UDP Server Data received
2015-08-05 17:13:39,455 INFO [network.TaskObserver] - MC-UDP Server Data received
2015-08-05 17:13:39,460 INFO [network.TaskObserver] - MC-UDP Server Data received
2015-08-05 17:13:39,465 INFO [network.TaskObserver] - MC-UDP Server Data received
2015-08-05 17:13:39,473 INFO [network.TaskObserver] - MC-UDP Server Data received
2015-08-05 17:13:39,477 INFO [network.TaskObserver] - MC-UDP Server Data received
2015-08-05 17:13:39,484 INFO [network.TaskObserver] - MC-UDP Server Data received
2015-08-05 17:13:39,487 INFO [network.TaskObserver] - MC-UDP Server Data received
2015-08-05 17:13:39,492 INFO [network.TaskObserver] - MC-UDP Server Data received
2015-08-05 17:13:39,497 INFO [network.TaskObserver] - MC-UDP Server Data received
2015-08-05 17:13:39,502 INFO [network.TaskObserver] - MC-UDP Server Data received
2015-08-05 17:13:39,507 INFO [network.TaskObserver] - MC-UDP Server Data received
2015-08-05 17:13:39,512 INFO [network.TaskObserver] - MC-UDP Server Data received
2015-08-05 17:13:39,520 INFO [network.TaskObserver] - MC-UDP Server Data received
2015-08-05 17:13:39,523 INFO [network.TaskObserver] - MC-UDP Server Data received
2015-08-05 17:13:39,527 INFO [network.TaskObserver] - MC-UDP Server Data received
2015-08-05 17:13:39,532 INFO [network.TaskObserver] - MC-UDP Server Data received
2015-08-05 17:13:39,537 INFO [network.TaskObserver] - MC-UDP Server Data received
2015-08-05 17:13:39,542 INFO [network.TaskObserver] - MC-UDP Server Data received
2015-08-05 17:13:39,547 INFO [network.TaskObserver] - MC-UDP Server Data received
2015-08-05 17:13:39,552 INFO [network.TaskObserver] - MC-UDP Server Data received
2015-08-05 17:13:39,558 INFO [network.TaskObserver] - MC-UDP Server Data received
2015-08-05 17:13:39,563 INFO [network.TaskObserver] - MC-UDP Server Data received
2015-08-05 17:13:39,570 INFO [network.TaskObserver] - MC-UDP Server Data received
2015-08-05 17:13:39,573 INFO [network.TaskObserver] - MC-UDP Server Data received
2015-08-05 17:13:39,578 INFO [network.TaskObserver] - MC-UDP Server Data received
2015-08-05 17:13:39,584 INFO [network.TaskObserver] - MC-UDP Server Data received
2015-08-05 17:13:39,590 INFO [network.TaskObserver] - MC-UDP Server Data received
2015-08-05 17:13:39,596 INFO [network.TaskObserver] - MC-UDP Server Data received
2015-08-05 17:13:39,602 INFO [network.TaskObserver] - MC-UDP Server Data received
2015-08-05 17:13:39,606 INFO [network.TaskObserver] - MC-UDP Server Data received
2015-08-05 17:13:39,611 INFO [network.TaskObserver] - MC-UDP Server Data received
2015-08-05 17:13:39,616 INFO [network.TaskObserver] - MC-UDP Server Data received
2015-08-05 17:13:39,621 INFO [network.TaskObserver] - MC-UDP Server Data received
2015-08-05 17:13:39,626 INFO [network.TaskObserver] - MC-UDP Server Data received
2015-08-05 17:13:39,631 INFO [network.TaskObserver] - MC-UDP Server Data received
2015-08-05 17:13:39,636 INFO [network.TaskObserver] - MC-UDP Server Data received
2015-08-05 17:13:39,642 INFO [network.TaskObserver] - MC-UDP Server Data received
2015-08-05 17:13:39,647 INFO [network.TaskObserver] - MC-UDP Server Data received
2015-08-05 17:13:39,658 INFO [network.TaskObserver] - MC-UDP Server Data received
2015-08-05 17:13:39,662 INFO [network.TaskObserver] - MC-UDP Server Data received
2015-08-05 17:13:39,674 INFO [network.TaskObserver] - MC-UDP Server Data received
2015-08-05 17:13:39,679 INFO [network.TaskObserver] - MC-UDP Server Data received
2015-08-05 17:13:39,684 INFO [network.TaskObserver] - MC-UDP Server Data received
2015-08-05 17:13:39,689 INFO [network.TaskObserver] - MC-UDP Server Data received
2015-08-05 17:13:39,694 INFO [network.TaskObserver] - MC-UDP Server Data received
2015-08-05 17:13:39,699 INFO [network.TaskObserver] - MC-UDP Server Data received
2015-08-05 17:13:39,704 INFO [network.TaskObserver] - MC-UDP Server Data received
2015-08-05 17:13:39,709 INFO [network.TaskObserver] - MC-UDP Server Data received
2015-08-05 17:13:39,714 INFO [network.TaskObserver] - MC-UDP Server Data received
2015-08-05 17:13:39,719 INFO [network.TaskObserver] - MC-UDP Server Data received
2015-08-05 17:13:39,724 INFO [network.TaskObserver] - MC-UDP Server Data received
2015-08-05 17:13:39,729 INFO [network.TaskObserver] - MC-UDP Server Data received
2015-08-05 17:13:39,734 INFO [network.TaskObserver] - MC-UDP Server Data received
2015-08-05 17:13:39,739 INFO [network.TaskObserver] - MC-UDP Server Data received
2015-08-05 17:13:39,744 INFO [network.TaskObserver] - MC-UDP Server Data received
2015-08-05 17:13:39,749 INFO [network.TaskObserver] - MC-UDP Server Data received
2015-08-05 17:13:39,754 INFO [network.TaskObserver] - MC-UDP Server Data received
2015-08-05 17:13:39,759 INFO [network.TaskObserver] - MC-UDP Server Data received
2015-08-05 17:13:39,764 INFO [network.TaskObserver] - MC-UDP Server Data received
2015-08-05 17:13:39,769 INFO [network.TaskObserver] - MC-UDP Server Data received
2015-08-05 17:13:39,774 INFO [network.TaskObserver] - MC-UDP Server Data received
2015-08-05 17:13:39,779 INFO [network.TaskObserver] - MC-UDP Server Data received
2015-08-05 17:13:39,784 INFO [network.TaskObserver] - MC-UDP Server Data received
2015-08-05 17:13:39,789 INFO [network.TaskObserver] - MC-UDP Server Data received
2015-08-05 17:13:39,794 INFO [network.TaskObserver] - MC-UDP Server Data received
2015-08-05 17:13:39,799 INFO [network.TaskObserver] - MC-UDP Server Data received
2015-08-05 17:13:39,804 INFO [network.TaskObserver] - MC-UDP Server Data received
2015-08-05 17:13:39,809 INFO [network.TaskObserver] - MC-UDP Server Data received
2015-08-05 17:13:39,814 INFO [network.TaskObserver] - MC-UDP Server Data received
2015-08-05 17:13:39,819 INFO [network.TaskObserver] - MC-UDP Server Data received
2015-08-05 17:13:39,824 INFO [network.TaskObserver] - MC-UDP Server Data received
2015-08-05 17:13:39,829 INFO [network.TaskObserver] - MC-UDP Server Data received
2015-08-05 17:13:39,834 INFO [network.TaskObserver] - MC-UDP Server Data received
2015-08-05 17:13:39,839 INFO [network.TaskObserver] - MC-UDP Server Data received
2015-08-05 17:13:39,844 INFO [network.TaskObserver] - MC-UDP Server Data received
2015-08-05 17:13:39,849 INFO [network.TaskObserver] - MC-UDP Server Data received
2015-08-05 17:13:39,854 INFO [network.TaskObserver] - MC-UDP Server Data received
2015-08-05 17:13:39,859 INFO [network.TaskObserver] - MC-UDP Server Data received
2015-08-05 17:13:39,864 INFO [network.TaskObserver] - MC-UDP Server Data received
2015-08-05 17:13:39,869 INFO [network.TaskObserver] - MC-UDP Server Data received
2015-08-05 17:13:39,874 INFO [network.TaskObserver] - MC-UDP Server Data received
2015-08-05 17:13:39,879 INFO [network.TaskObserver] - MC-UDP Server Data received
2015-08-05 17:13:39,884 INFO [network.TaskObserver] - MC-UDP Server Data received
2015-08-05 17:13:39,889 INFO [network.TaskObserver] - MC-UDP Server Data received
2015-08-05 17:13:39,894 INFO [network.TaskObserver] - MC-UDP Server Data received
2015-08-05 17:13:39,899 INFO [network.TaskObserver] - MC-UDP Server Data received
2015-08-05 17:13:39,904 INFO [network.TaskObserver] - MC-UDP Server Data received
2015-08-05 17:13:39,909 INFO [network.TaskObserver] - MC-UDP Server Data received
2015-08-05 17:13:39,914 INFO [network.TaskObserver] - MC-UDP Server Data received
2015-08-05 17:13:39,920 INFO [network.TaskObserver] - MC-UDP Server Data received
2015-08-05 17:13:39,925 INFO [network.TaskObserver] - MC-UDP Server Data received
2015-08-05 17:13:39,930 INFO [network.TaskObserver] - MC-UDP Server Data received
2015-08-05 17:13:39,935 INFO [network.TaskObserver] - MC-UDP Server Data received
2015-08-05 17:13:39,940 INFO [network.TaskObserver] - MC-UDP Server Data received
2015-08-05 17:13:39,945 INFO [network.TaskObserver] - MC-UDP Server Data received
2015-08-05 17:13:39,950 INFO [network.TaskObserver] - MC-UDP Server Data received
2015-08-05 17:13:39,955 INFO [network.TaskObserver] - MC-UDP Server Data received
2015-08-05 17:13:39,960 INFO [network.TaskObserver] - MC-UDP Server Data received
2015-08-05 17:13:39,965 INFO [network.TaskObserver] - MC-UDP Server Data received
2015-08-05 17:13:39,970 INFO [network.TaskObserver] - MC-UDP Server Data received
2015-08-05 17:13:39,975 INFO [network.TaskObserver] - MC-UDP Server Data received
2015-08-05 17:13:39,980 INFO [network.TaskObserver] - MC-UDP Server Data received
2015-08-05 17:13:39,986 INFO [network.TaskObserver] - MC-UDP Server Data received
2015-08-05 17:13:39,992 INFO [network.TaskObserver] - MC-UDP Server Data received
2015-08-05 17:13:39,997 INFO [network.TaskObserver] - MC-UDP Server Data received
2015-08-05 17:13:40,002 INFO [network.TaskObserver] - MC-UDP Server Data received
2015-08-05 17:13:40,007 INFO [network.TaskObserver] - MC-UDP Server Data received
2015-08-05 17:13:40,012 INFO [network.TaskObserver] - MC-UDP Server Data received
2015-08-05 17:13:40,017 INFO [network.TaskObserver] - MC-UDP Server Data received
2015-08-05 17:13:40,022 INFO [network.TaskObserver] - MC-UDP Server Data received
2015-08-05 17:13:40,027 INFO [network.TaskObserver] - MC-UDP Server Data received
2015-08-05 17:13:40,032 INFO [network.TaskObserver] - MC-UDP Server Data received
2015-08-05 17:13:40,037 INFO [network.TaskObserver] - MC-UDP Server Data received
2015-08-05 17:13:40,042 INFO [network.TaskObserver] - MC-UDP Server Data received
2015-08-05 17:13:40,047 INFO [network.TaskObserver] - MC-UDP Server Data received
2015-08-05 17:13:40,052 INFO [network.TaskObserver] - MC-UDP Server Data received
2015-08-05 17:13:40,057 INFO [network.TaskObserver] - MC-UDP Server Data received
2015-08-05 17:13:40,062 INFO [network.TaskObserver] - MC-UDP Server Data received
2015-08-05 17:13:40,067 INFO [network.TaskObserver] - MC-UDP Server Data received
2015-08-05 17:13:40,072 INFO [network.TaskObserver] - MC-UDP Server Data received
2015-08-05 17:13:40,077 INFO [network.TaskObserver] - MC-UDP Server Data received
2015-08-05 17:13:40,082 INFO [network.TaskObserver] - MC-UDP Server Data received
2015-08-05 17:13:40,087 INFO [network.TaskObserver] - MC-UDP Server Data received
2015-08-05 17:13:40,092 INFO [network.TaskObserver] - MC-UDP Server Data received
2015-08-05 17:13:40,097 INFO [network.TaskObserver] - MC-UDP Server Data received
2015-08-05 17:13:40,102 INFO [network.TaskObserver] - MC-UDP Server Data received
2015-08-05 17:13:40,107 INFO [network.TaskObserver] - MC-UDP Server Data received
2015-08-05 17:13:40,112 INFO [network.TaskObserver] - MC-UDP Server Data received
2015-08-05 17:13:40,117 INFO [network.TaskObserver] - MC-UDP Server Data received
2015-08-05 17:13:40,122 INFO [network.TaskObserver] - MC-UDP Server Data received
2015-08-05 17:13:40,127 INFO [network.TaskObserver] - MC-UDP Server Data received
2015-08-05 17:13:40,132 INFO [network.TaskObserver] - MC-UDP Server Data received
2015-08-05 17:13:40,137 INFO [network.TaskObserver] - MC-UDP Server Data received
2015-08-05 17:13:40,142 INFO [network.TaskObserver] - MC-UDP Server Data received
2015-08-05 17:13:40,147 INFO [network.TaskObserver] - MC-UDP Server Data received
2015-08-05 17:13:40,152 INFO [network.TaskObserver] - MC-UDP Server Data received
2015-08-05 17:13:40,157 INFO [network.TaskObserver] - MC-UDP Server Data received
2015-08-05 17:13:40,162 INFO [network.TaskObserver] - MC-UDP Server Data received
2015-08-05 17:13:40,167 INFO [network.TaskObserver] - MC-UDP Server Data received
2015-08-05 17:13:40,173 INFO [network.TaskObserver] - MC-UDP Server Data received
2015-08-05 17:13:40,178 INFO [network.TaskObserver] - MC-UDP Server Data received
2015-08-05 17:13:40,183 INFO [network.TaskObserver] - MC-UDP Server Data received
2015-08-05 17:13:40,189 INFO [network.TaskObserver] - MC-UDP Server Data received
2015-08-05 17:13:40,220 INFO [network.TaskObserver] - MC-UDP Server Data received
2015-08-05 17:13:40,220 INFO [network.TaskObserver] - MC-UDP Server Data received
2015-08-05 17:13:40,220 INFO [network.TaskObserver] - MC-UDP Server Data received
2015-08-05 17:13:40,221 INFO [network.TaskObserver] - MC-UDP Server Data received
2015-08-05 17:13:40,221 INFO [network.TaskObserver] - MC-UDP Server Data received
2015-08-05 17:13:40,221 INFO [network.TaskObserver] - MC-UDP Server Data received
2015-08-05 17:13:40,224 INFO [network.TaskObserver] - MC-UDP Server Data received
2015-08-05 17:13:40,229 INFO [network.TaskObserver] - MC-UDP Server Data received
2015-08-05 17:13:40,234 INFO [network.TaskObserver] - MC-UDP Server Data received
2015-08-05 17:13:40,239 INFO [network.TaskObserver] - MC-UDP Server Data received
2015-08-05 17:13:40,244 INFO [network.TaskObserver] - MC-UDP Server Data received
2015-08-05 17:13:40,249 INFO [network.TaskObserver] - MC-UDP Server Data received
2015-08-05 17:13:40,257 INFO [network.TaskObserver] - MC-UDP Server Data received
2015-08-05 17:13:40,263 INFO [network.TaskObserver] - MC-UDP Server Data received
2015-08-05 17:13:40,266 INFO [network.TaskObserver] - MC-UDP Server Data received
2015-08-05 17:13:40,270 INFO [network.TaskObserver] - MC-UDP Server Data received
2015-08-05 17:13:40,275 INFO [network.TaskObserver] - MC-UDP Server Data received
2015-08-05 17:13:40,280 INFO [network.TaskObserver] - MC-UDP Server Data received
2015-08-05 17:13:40,285 INFO [network.TaskObserver] - MC-UDP Server Data received
2015-08-05 17:13:40,291 INFO [network.TaskObserver] - MC-UDP Server Data received
2015-08-05 17:13:40,296 INFO [network.TaskObserver] - MC-UDP Server Data received
2015-08-05 17:13:40,301 INFO [network.TaskObserver] - MC-UDP Server Data received
2015-08-05 17:13:40,307 INFO [network.TaskObserver] - MC-UDP Server Data received
2015-08-05 17:13:40,312 INFO [network.TaskObserver] - MC-UDP Server Data received
2015-08-05 17:13:40,318 INFO [network.TaskObserver] - MC-UDP Server Data received
2015-08-05 17:13:40,323 INFO [network.TaskObserver] - MC-UDP Server Data received
2015-08-05 17:13:40,328 INFO [network.TaskObserver] - MC-UDP Server Data received
2015-08-05 17:13:40,335 INFO [network.TaskObserver] - MC-UDP Server Data received
2015-08-05 17:13:40,340 INFO [network.TaskObserver] - MC-UDP Server Data received
2015-08-05 17:13:40,345 INFO [network.TaskObserver] - MC-UDP Server Data received
2015-08-05 17:13:40,358 INFO [network.TaskObserver] - MC-UDP Server Data received
2015-08-05 17:13:40,358 INFO [network.TaskObserver] - MC-UDP Server Data received
2015-08-05 17:13:40,362 INFO [network.TaskObserver] - MC-UDP Server Data received
2015-08-05 17:13:40,366 INFO [network.TaskObserver] - MC-UDP Server Data received
2015-08-05 17:13:40,371 INFO [network.TaskObserver] - MC-UDP Server Data received
2015-08-05 17:13:40,376 INFO [network.TaskObserver] - MC-UDP Server Data received
2015-08-05 17:13:40,381 INFO [network.TaskObserver] - MC-UDP Server Data received
2015-08-05 17:13:40,386 INFO [network.TaskObserver] - MC-UDP Server Data received
2015-08-05 17:13:40,391 INFO [network.TaskObserver] - MC-UDP Server Data received
2015-08-05 17:13:40,396 INFO [network.TaskObserver] - MC-UDP Server Data received
2015-08-05 17:13:40,402 INFO [network.TaskObserver] - MC-UDP Server Data received
2015-08-05 17:13:40,406 INFO [network.TaskObserver] - MC-UDP Server Data received
2015-08-05 17:13:40,411 INFO [network.TaskObserver] - MC-UDP Server Data received
2015-08-05 17:13:40,416 INFO [network.TaskObserver] - MC-UDP Server Data received
2015-08-05 17:13:40,421 INFO [network.TaskObserver] - MC-UDP Server Data received
2015-08-05 17:13:40,426 INFO [network.TaskObserver] - MC-UDP Server Data received
2015-08-05 17:13:40,431 INFO [network.TaskObserver] - MC-UDP Server Data received
2015-08-05 17:13:40,436 INFO [network.TaskObserver] - MC-UDP Server Data received
2015-08-05 17:13:40,441 INFO [network.TaskObserver] - MC-UDP Server Data received
2015-08-05 17:13:40,446 INFO [network.TaskObserver] - MC-UDP Server Data received
2015-08-05 17:13:40,451 INFO [network.TaskObserver] - MC-UDP Server Data received
2015-08-05 17:13:40,456 INFO [network.TaskObserver] - MC-UDP Server Data received
2015-08-05 17:13:40,461 INFO [network.TaskObserver] - MC-UDP Server Data received
2015-08-05 17:13:40,466 INFO [network.TaskObserver] - MC-UDP Server Data received
2015-08-05 17:13:40,471 INFO [network.TaskObserver] - MC-UDP Server Data received
2015-08-05 17:13:40,476 INFO [network.TaskObserver] - MC-UDP Server Data received
2015-08-05 17:13:40,481 INFO [network.TaskObserver] - MC-UDP Server Data received
2015-08-05 17:13:40,496 INFO [network.TaskObserver] - MC-UDP Server Data received
2015-08-05 17:13:40,504 INFO [network.TaskObserver] - MC-UDP Server Data received
2015-08-05 17:13:40,509 INFO [network.TaskObserver] - MC-UDP Server Data received
2015-08-05 17:13:40,514 INFO [network.TaskObserver] - MC-UDP Server Data received
2015-08-05 17:13:40,519 INFO [network.TaskObserver] - MC-UDP Server Data received
2015-08-05 17:13:40,524 INFO [network.TaskObserver] - MC-UDP Server Data received
2015-08-05 17:13:40,529 INFO [network.TaskObserver] - MC-UDP Server Data received
2015-08-05 17:13:40,534 INFO [network.TaskObserver] - MC-UDP Server Data received
2015-08-05 17:13:40,539 INFO [network.TaskObserver] - MC-UDP Server Data received
2015-08-05 17:13:40,544 INFO [network.TaskObserver] - MC-UDP Server Data received
2015-08-05 17:13:40,549 INFO [network.TaskObserver] - MC-UDP Server Data received
2015-08-05 17:13:40,554 INFO [network.TaskObserver] - MC-UDP Server Data received
2015-08-05 17:13:40,559 INFO [network.TaskObserver] - MC-UDP Server Data received
2015-08-05 17:13:40,564 INFO [network.TaskObserver] - MC-UDP Server Data received
2015-08-05 17:13:40,569 INFO [network.TaskObserver] - MC-UDP Server Data received
2015-08-05 17:13:40,574 INFO [network.TaskObserver] - MC-UDP Server Data received
2015-08-05 17:13:40,579 INFO [network.TaskObserver] - MC-UDP Server Data received
2015-08-05 17:13:40,584 INFO [network.TaskObserver] - MC-UDP Server Data received
2015-08-05 17:14:27,980 INFO [network.TaskObserver] - Network Task MC-UDP socket Closed/Ended
2015-08-05 17:14:27,987 INFO [network.TaskObserver] - Ending Network Read Thread Az Plots Looper
2015-08-05 17:14:27,987 INFO [network.TaskObserver] - Ending Network Read Thread Az Tracks Looper
2015-08-05 17:14:27,988 INFO [network.TaskObserver] - Ending Network Read Thread El Tracks Looper
2015-08-05 17:14:27,991 INFO [network.TaskObserver] - Ending Network Read Thread Video Looper
2015-08-05 17:14:27,996 INFO [network.TaskObserver] - Ending Network Read Thread El Plots Looper
2015-08-05 17:14:30,488 INFO [application.FXMLController] - APPLICATION CLOSED
